<?xml version="1.0" encoding="UTF-8"?>
<testsuites name="Phase 1" time="112.049" tests="3" failures="0" errors="0">
   <testsuite name="Phase 1" tests="3" failures="0" errors="0" time="112.049" skipped="0" timestamp="16-05-2025T20:58:33" hostname="yashkabra - localhost" id="Test Suites/Phase 1">
      <properties>
         <property name="deviceName" value=""/>
         <property name="devicePlatform"/>
         <property name="logFolder" value="/Users/yashkabra/Katalon Studio/Quantumtrades/Reports/20250516_205828/Phase 1/20250516_205829"/>
         <property name="logFiles" value="/Users/yashkabra/Katalon Studio/Quantumtrades/Reports/20250516_205828/Phase 1/20250516_205829/execution0.log, /Users/yashkabra/Katalon Studio/Quantumtrades/Reports/20250516_205828/Phase 1/20250516_205829/console0.log"/>
         <property name="attachments" value=""/>
         <property name="hostName" value="yashkabra - localhost"/>
         <property name="os" value="Mac OS X 64bit"/>
         <property name="katalonVersion" value="10.2.0.0"/>
         <property name="browser" value="Chrome 136.0.7103.114"/>
         <property name="userFullName" value="yash kabra"/>
         <property name="hostAddress" value="127.0.0.1"/>
         <property name="sessionId" value="81c028599012dd87413cfc14a5a6ddea"/>
         <property name="projectName" value="Quantumtrades"/>
         <property name="seleniumVersion" value="4.28.1"/>
         <property name="proxyInformation" value="ProxyInformation { proxyOption=NO_PROXY, proxyServerType=HTTP, username=, password=********, proxyServerAddress=, proxyServerPort=0, executionList=&quot;&quot;, isApplyToDesiredCapabilities=true }"/>
         <property name="platform" value="Mac OS X"/>
      </properties>
      <testcase name="Test Cases/Login_and_SignUp/Standard_Login_TC" time="53.586" classname="Test Cases/Login_and_SignUp/Standard_Login_TC" status="PASSED">
         <system-out><![CDATA[16-05-2025T20:58:33 - [TEST_CASE][PASSED] - Test Cases/Login_and_SignUp/Standard_Login_TC: Test Cases/Login_and_SignUp/Standard_Login_TC

16-05-2025T20:58:33 - [TEST_STEP][PASSED] - Start listener action : beforeTestCase: null

16-05-2025T20:58:33 - [TEST_STEP][PASSED] - GLUE = ["common", "operations"]: null

16-05-2025T20:58:33 - [TEST_STEP][PASSED] - openBrowser(""): Browser is opened with url: ''

16-05-2025T20:58:33 - [MESSAGE][INFO] - Starting 'Chrome' driver

16-05-2025T20:58:33 - [MESSAGE][INFO] - Action delay is set to 0 milliseconds

16-05-2025T20:58:37 - [MESSAGE][PASSED] - Browser is opened with url: ''

16-05-2025T20:58:37 - [TEST_STEP][PASSED] - navigateToUrl("https://dev-portal.quantumtrades.com/"): Navigate to 'https://dev-portal.quantumtrades.com/' successfully

16-05-2025T20:58:46 - [MESSAGE][PASSED] - Navigate to 'https://dev-portal.quantumtrades.com/' successfully

16-05-2025T20:58:46 - [TEST_STEP][PASSED] - click(findTestObject("Object Repository/Login_page/Page_QuantumTrades/input_Enter your email or phone number")): Object: 'Object Repository/Login_page/Page_QuantumTrades/input_Enter your email or phone number' is clicked on

16-05-2025T20:58:47 - [MESSAGE][PASSED] - Object: 'Object Repository/Login_page/Page_QuantumTrades/input_Enter your email or phone number' is clicked on

16-05-2025T20:58:47 - [TEST_STEP][PASSED] - sendKeys(findTestObject("Object Repository/Login_page/Page_QuantumTrades/input_Enter your email or phone number"), "yashkabra30@gmail.com"): Keys 'yashkabra30@gmail.com' sent to object: 'Object Repository/Login_page/Page_QuantumTrades/input_Enter your email or phone number'

16-05-2025T20:58:47 - [MESSAGE][PASSED] - Keys 'yashkabra30@gmail.com' sent to object: 'Object Repository/Login_page/Page_QuantumTrades/input_Enter your email or phone number'

16-05-2025T20:58:47 - [TEST_STEP][PASSED] - delay(10): Delayed 10 second(s)

16-05-2025T20:58:57 - [MESSAGE][PASSED] - Delayed 10 second(s)

16-05-2025T20:58:57 - [TEST_STEP][PASSED] - click(findTestObject("Object Repository/Login_page/Page_QuantumTrades/button_signInBtnEmailContinue")): Object: 'Object Repository/Login_page/Page_QuantumTrades/button_signInBtnEmailContinue' is clicked on

16-05-2025T20:58:57 - [MESSAGE][PASSED] - Object: 'Object Repository/Login_page/Page_QuantumTrades/button_signInBtnEmailContinue' is clicked on

16-05-2025T20:58:57 - [TEST_STEP][PASSED] - click(findTestObject("Object Repository/Login_page/Page_QuantumTrades/input_Please enter your password")): Object: 'Object Repository/Login_page/Page_QuantumTrades/input_Please enter your password' is clicked on

16-05-2025T20:59:19 - [MESSAGE][PASSED] - Object: 'Object Repository/Login_page/Page_QuantumTrades/input_Please enter your password' is clicked on

16-05-2025T20:59:19 - [TEST_STEP][PASSED] - setEncryptedText(findTestObject("Object Repository/Login_page/Page_QuantumTrades/input_Please enter your password"), "cvW8qx4B2o1WegCEDy41Xg=="): Text ****** has been set on object 'Object Repository/Login_page/Page_QuantumTrades/input_Please enter your password'

16-05-2025T20:59:19 - [MESSAGE][PASSED] - Text ****** has been set on object 'Object Repository/Login_page/Page_QuantumTrades/input_Please enter your password'

16-05-2025T20:59:19 - [TEST_STEP][PASSED] - click(findTestObject("Object Repository/Login_page/Page_QuantumTrades/button_signInBtnPasswordContinue")): Object: 'Object Repository/Login_page/Page_QuantumTrades/button_signInBtnPasswordContinue' is clicked on

16-05-2025T20:59:20 - [MESSAGE][PASSED] - Object: 'Object Repository/Login_page/Page_QuantumTrades/button_signInBtnPasswordContinue' is clicked on

16-05-2025T20:59:20 - [TEST_STEP][PASSED] - verifyElementPresent(findTestObject("Object Repository/Login_page/Page_QuantumTrades/p_user-welcome"), 0): Object 'Object Repository/Login_page/Page_QuantumTrades/p_user-welcome' is present

16-05-2025T20:59:20 - [MESSAGE][WARNING] - Timeout '0' is invalid. Using default page load timeout: '30'

16-05-2025T20:59:27 - [MESSAGE][PASSED] - Object 'Object Repository/Login_page/Page_QuantumTrades/p_user-welcome' is present

16-05-2025T20:59:27 - [TEST_STEP][PASSED] - closeBrowser(): Browser is closed

16-05-2025T20:59:27 - [MESSAGE][PASSED] - Browser is closed

16-05-2025T20:59:27 - [TEST_STEP][PASSED] - Start listener action : sampleAfterTestCase: Browser is closed

16-05-2025T20:59:27 - [TEST_STEP][PASSED] - closeBrowser(): Browser is closed

16-05-2025T20:59:27 - [MESSAGE][PASSED] - Browser is closed]]></system-out>
         <system-err><![CDATA[]]></system-err>
      </testcase>
      <testcase name="Test Cases/Login_and_SignUp/Login_With_Valid_Email_Invalid_PWD_TC" time="43.35" classname="Test Cases/Login_and_SignUp/Login_With_Valid_Email_Invalid_PWD_TC" status="PASSED">
         <system-out><![CDATA[16-05-2025T20:59:27 - [TEST_CASE][PASSED] - Test Cases/Login_and_SignUp/Login_With_Valid_Email_Invalid_PWD_TC: Test Cases/Login_and_SignUp/Login_With_Valid_Email_Invalid_PWD_TC

16-05-2025T20:59:27 - [TEST_STEP][PASSED] - Start listener action : beforeTestCase: null

16-05-2025T20:59:27 - [TEST_STEP][PASSED] - GLUE = ["common", "operations"]: null

16-05-2025T20:59:27 - [TEST_STEP][PASSED] - openBrowser(""): Browser is opened with url: ''

16-05-2025T20:59:27 - [MESSAGE][INFO] - Starting 'Chrome' driver

16-05-2025T20:59:27 - [MESSAGE][INFO] - Action delay is set to 0 milliseconds

16-05-2025T20:59:29 - [MESSAGE][PASSED] - Browser is opened with url: ''

16-05-2025T20:59:29 - [TEST_STEP][PASSED] - navigateToUrl("https://dev-portal.quantumtrades.com/"): Navigate to 'https://dev-portal.quantumtrades.com/' successfully

16-05-2025T20:59:38 - [MESSAGE][PASSED] - Navigate to 'https://dev-portal.quantumtrades.com/' successfully

16-05-2025T20:59:38 - [TEST_STEP][PASSED] - setText(findTestObject("Object Repository/Login_page/Page_QuantumTrades/input_Enter your email or phone number"), "yashkabra30@gmail.com"): Text 'yashkabra30@gmail.com' is set on object 'Object Repository/Login_page/Page_QuantumTrades/input_Enter your email or phone number'

16-05-2025T20:59:39 - [MESSAGE][PASSED] - Text 'yashkabra30@gmail.com' is set on object 'Object Repository/Login_page/Page_QuantumTrades/input_Enter your email or phone number'

16-05-2025T20:59:39 - [TEST_STEP][PASSED] - click(findTestObject("Object Repository/Login_page/Page_QuantumTrades/button_signInBtnEmailContinue")): Object: 'Object Repository/Login_page/Page_QuantumTrades/button_signInBtnEmailContinue' is clicked on

16-05-2025T20:59:40 - [MESSAGE][PASSED] - Object: 'Object Repository/Login_page/Page_QuantumTrades/button_signInBtnEmailContinue' is clicked on

16-05-2025T20:59:40 - [TEST_STEP][PASSED] - click(findTestObject("Object Repository/Login_page/Page_QuantumTrades/button_signInBtnEmailContinue")): Object: 'Object Repository/Login_page/Page_QuantumTrades/button_signInBtnEmailContinue' is clicked on

16-05-2025T20:59:44 - [MESSAGE][PASSED] - Object: 'Object Repository/Login_page/Page_QuantumTrades/button_signInBtnEmailContinue' is clicked on

16-05-2025T20:59:44 - [TEST_STEP][PASSED] - click(findTestObject("Object Repository/Login_page/Page_QuantumTrades/button_signInBtnEmailContinue")): Object: 'Object Repository/Login_page/Page_QuantumTrades/button_signInBtnEmailContinue' is clicked on

16-05-2025T20:59:46 - [MESSAGE][PASSED] - Object: 'Object Repository/Login_page/Page_QuantumTrades/button_signInBtnEmailContinue' is clicked on

16-05-2025T20:59:46 - [TEST_STEP][PASSED] - click(findTestObject("Object Repository/Login_page/Page_QuantumTrades/input_Please enter your password")): Object: 'Object Repository/Login_page/Page_QuantumTrades/input_Please enter your password' is clicked on

16-05-2025T21:00:07 - [MESSAGE][PASSED] - Object: 'Object Repository/Login_page/Page_QuantumTrades/input_Please enter your password' is clicked on

16-05-2025T21:00:07 - [TEST_STEP][PASSED] - setEncryptedText(findTestObject("Object Repository/Login_page/Page_QuantumTrades/input_Please enter your password"), "cvW8qx4B2o1gIDzvWT+0mQ=="): Text ****** has been set on object 'Object Repository/Login_page/Page_QuantumTrades/input_Please enter your password'

16-05-2025T21:00:07 - [MESSAGE][PASSED] - Text ****** has been set on object 'Object Repository/Login_page/Page_QuantumTrades/input_Please enter your password'

16-05-2025T21:00:07 - [TEST_STEP][PASSED] - click(findTestObject("Object Repository/Login_page/Page_QuantumTrades/button_signInBtnPasswordContinue")): Object: 'Object Repository/Login_page/Page_QuantumTrades/button_signInBtnPasswordContinue' is clicked on

16-05-2025T21:00:08 - [MESSAGE][PASSED] - Object: 'Object Repository/Login_page/Page_QuantumTrades/button_signInBtnPasswordContinue' is clicked on

16-05-2025T21:00:08 - [TEST_STEP][PASSED] - click(findTestObject("Object Repository/Login_page/Page_QuantumTrades/p_Invalid Password")): Object: 'Object Repository/Login_page/Page_QuantumTrades/p_Invalid Password' is clicked on

16-05-2025T21:00:10 - [MESSAGE][PASSED] - Object: 'Object Repository/Login_page/Page_QuantumTrades/p_Invalid Password' is clicked on

16-05-2025T21:00:10 - [TEST_STEP][PASSED] - closeBrowser(): Browser is closed

16-05-2025T21:00:10 - [MESSAGE][PASSED] - Browser is closed

16-05-2025T21:00:10 - [TEST_STEP][PASSED] - Start listener action : sampleAfterTestCase: Browser is closed

16-05-2025T21:00:10 - [TEST_STEP][PASSED] - closeBrowser(): Browser is closed

16-05-2025T21:00:10 - [MESSAGE][PASSED] - Browser is closed]]></system-out>
         <system-err><![CDATA[]]></system-err>
      </testcase>
      <testcase name="Test Cases/Login_and_SignUp/Login_With_Invalid_Email_TC" time="14.689" classname="Test Cases/Login_and_SignUp/Login_With_Invalid_Email_TC" status="PASSED">
         <system-out><![CDATA[16-05-2025T21:00:10 - [TEST_CASE][PASSED] - Test Cases/Login_and_SignUp/Login_With_Invalid_Email_TC: Test Cases/Login_and_SignUp/Login_With_Invalid_Email_TC

16-05-2025T21:00:10 - [TEST_STEP][PASSED] - Start listener action : beforeTestCase: null

16-05-2025T21:00:10 - [TEST_STEP][PASSED] - GLUE = ["common", "operations"]: null

16-05-2025T21:00:10 - [TEST_STEP][PASSED] - openBrowser(""): Browser is opened with url: ''

16-05-2025T21:00:10 - [MESSAGE][INFO] - Starting 'Chrome' driver

16-05-2025T21:00:10 - [MESSAGE][INFO] - Action delay is set to 0 milliseconds

16-05-2025T21:00:11 - [MESSAGE][PASSED] - Browser is opened with url: ''

16-05-2025T21:00:11 - [TEST_STEP][PASSED] - navigateToUrl("https://dev-portal.quantumtrades.com/"): Navigate to 'https://dev-portal.quantumtrades.com/' successfully

16-05-2025T21:00:18 - [MESSAGE][PASSED] - Navigate to 'https://dev-portal.quantumtrades.com/' successfully

16-05-2025T21:00:18 - [TEST_STEP][PASSED] - setText(findTestObject("Object Repository/Login_page/Page_QuantumTrades/input_Enter your email or phone number"), "test@test.com"): Text 'test@test.com' is set on object 'Object Repository/Login_page/Page_QuantumTrades/input_Enter your email or phone number'

16-05-2025T21:00:19 - [MESSAGE][PASSED] - Text 'test@test.com' is set on object 'Object Repository/Login_page/Page_QuantumTrades/input_Enter your email or phone number'

16-05-2025T21:00:19 - [TEST_STEP][PASSED] - click(findTestObject("Object Repository/Login_page/Page_QuantumTrades/button_signInBtnEmailContinue")): Object: 'Object Repository/Login_page/Page_QuantumTrades/button_signInBtnEmailContinue' is clicked on

16-05-2025T21:00:20 - [MESSAGE][PASSED] - Object: 'Object Repository/Login_page/Page_QuantumTrades/button_signInBtnEmailContinue' is clicked on

16-05-2025T21:00:20 - [TEST_STEP][PASSED] - click(findTestObject("Object Repository/Login_page/Page_QuantumTrades/p_User doesnt exist for the entered email")): Object: 'Object Repository/Login_page/Page_QuantumTrades/p_User doesnt exist for the entered email' is clicked on

16-05-2025T21:00:25 - [MESSAGE][PASSED] - Object: 'Object Repository/Login_page/Page_QuantumTrades/p_User doesnt exist for the entered email' is clicked on

16-05-2025T21:00:25 - [TEST_STEP][PASSED] - closeBrowser(): Browser is closed

16-05-2025T21:00:25 - [MESSAGE][PASSED] - Browser is closed

16-05-2025T21:00:25 - [TEST_STEP][PASSED] - Start listener action : sampleAfterTestCase: Browser is closed

16-05-2025T21:00:25 - [TEST_STEP][PASSED] - closeBrowser(): Browser is closed

16-05-2025T21:00:25 - [MESSAGE][PASSED] - Browser is closed]]></system-out>
         <system-err><![CDATA[]]></system-err>
      </testcase>
      <system-out><![CDATA[16-05-2025T20:58:33 - [TEST_STEP][PASSED] - Start listener action : beforeTestSuite: null

16-05-2025T20:58:33 - [TEST_STEP][PASSED] - startTime = System.currentTimeMillis(): null

16-05-2025T20:58:33 - [TEST_STEP][PASSED] - totalTestCases = 0: null

16-05-2025T20:58:33 - [TEST_STEP][PASSED] - passedTestCases = 0: null

16-05-2025T20:58:33 - [TEST_STEP][PASSED] - failedTestCases = 0: null

16-05-2025T20:58:33 - [TEST_STEP][PASSED] - skippedTestCases = 0: null

16-05-2025T20:58:33 - [TEST_SUITE][PASSED] - Phase 1: Test Cases/Login_and_SignUp/Login_With_Invalid_Email_TC

16-05-2025T21:00:25 - [TEST_STEP][ERROR] - Start listener action : afterTestSuite: org.codehaus.groovy.runtime.InvokerInvocationException: groovy.lang.MissingMethodException: No signature of method: com.kms.katalon.core.context.internal.InternalTestSuiteContext.getTestSuiteResult() is applicable for argument types: () values: []
	at com.kms.katalon.core.context.internal.TestHooker.invokeMethod(TestHooker.java:111)
	at com.kms.katalon.core.context.internal.TestHooker.lambda$3(TestHooker.java:95)
	at com.kms.katalon.core.context.internal.TestHooker.invokeContextMethods(TestHooker.java:94)
	at com.kms.katalon.core.context.internal.TestListenerCollector.lambda$3(TestListenerCollector.java:88)
	at com.kms.katalon.core.context.internal.TestListenerCollector.handleListenerEvent(TestListenerCollector.java:85)
	at com.kms.katalon.core.context.internal.ExecutionEventManager.publicEvent(ExecutionEventManager.java:36)
	at com.kms.katalon.core.main.TestSuiteExecutor.executeListenerAfterTestSuite(TestSuiteExecutor.java:133)
	at com.kms.katalon.core.main.TestSuiteExecutor.execute(TestSuiteExecutor.java:111)
	at com.kms.katalon.core.main.TestCaseMain.startTestSuite(TestCaseMain.java:186)
	at TempTestSuite1747409309581.run(TempTestSuite1747409309581.groovy:35)
	at java.base/jdk.internal.reflect.NativeMethodAccessorImpl.invoke0(Native Method)
	at java.base/jdk.internal.reflect.NativeMethodAccessorImpl.invoke(NativeMethodAccessorImpl.java:77)
	at java.base/jdk.internal.reflect.DelegatingMethodAccessorImpl.invoke(DelegatingMethodAccessorImpl.java:43)
Caused by: groovy.lang.MissingMethodException: No signature of method: com.kms.katalon.core.context.internal.InternalTestSuiteContext.getTestSuiteResult() is applicable for argument types: () values: []
	at TestListener.afterTestSuite(TestListener.groovy:42)
	at java.base/jdk.internal.reflect.NativeMethodAccessorImpl.invoke0(Native Method)
	at java.base/jdk.internal.reflect.NativeMethodAccessorImpl.invoke(NativeMethodAccessorImpl.java:77)
	at java.base/jdk.internal.reflect.DelegatingMethodAccessorImpl.invoke(DelegatingMethodAccessorImpl.java:43)
	... 13 more


16-05-2025T21:00:25 - [TEST_STEP][PASSED] - endTime = System.currentTimeMillis(): null

16-05-2025T21:00:25 - [TEST_STEP][PASSED] - durationMillis = endTime - startTime: null

16-05-2025T21:00:25 - [TEST_STEP][PASSED] - durationSecs = durationMillis / 1000: null

16-05-2025T21:00:25 - [TEST_STEP][PASSED] - suiteName = testSuiteContext.getTestSuiteId(): null

16-05-2025T21:00:25 - [TEST_STEP][PASSED] - status = testSuiteContext.getStatus(): null

16-05-2025T21:00:25 - [TEST_STEP][ERROR] - testSuiteResult = testSuiteContext.getTestSuiteResult(): org.codehaus.groovy.runtime.InvokerInvocationException: groovy.lang.MissingMethodException: No signature of method: com.kms.katalon.core.context.internal.InternalTestSuiteContext.getTestSuiteResult() is applicable for argument types: () values: []
	at com.kms.katalon.core.context.internal.TestHooker.invokeMethod(TestHooker.java:111)
	at com.kms.katalon.core.context.internal.TestHooker.lambda$3(TestHooker.java:95)
	at com.kms.katalon.core.context.internal.TestHooker.invokeContextMethods(TestHooker.java:94)
	at com.kms.katalon.core.context.internal.TestListenerCollector.lambda$3(TestListenerCollector.java:88)
	at com.kms.katalon.core.context.internal.TestListenerCollector.handleListenerEvent(TestListenerCollector.java:85)
	at com.kms.katalon.core.context.internal.ExecutionEventManager.publicEvent(ExecutionEventManager.java:36)
	at com.kms.katalon.core.main.TestSuiteExecutor.executeListenerAfterTestSuite(TestSuiteExecutor.java:133)
	at com.kms.katalon.core.main.TestSuiteExecutor.execute(TestSuiteExecutor.java:111)
	at com.kms.katalon.core.main.TestCaseMain.startTestSuite(TestCaseMain.java:186)
	at TempTestSuite1747409309581.run(TempTestSuite1747409309581.groovy:35)
	at java.base/jdk.internal.reflect.NativeMethodAccessorImpl.invoke0(Native Method)
	at java.base/jdk.internal.reflect.NativeMethodAccessorImpl.invoke(NativeMethodAccessorImpl.java:77)
	at java.base/jdk.internal.reflect.DelegatingMethodAccessorImpl.invoke(DelegatingMethodAccessorImpl.java:43)
Caused by: groovy.lang.MissingMethodException: No signature of method: com.kms.katalon.core.context.internal.InternalTestSuiteContext.getTestSuiteResult() is applicable for argument types: () values: []
	at TestListener.afterTestSuite(TestListener.groovy:42)
	at java.base/jdk.internal.reflect.NativeMethodAccessorImpl.invoke0(Native Method)
	at java.base/jdk.internal.reflect.NativeMethodAccessorImpl.invoke(NativeMethodAccessorImpl.java:77)
	at java.base/jdk.internal.reflect.DelegatingMethodAccessorImpl.invoke(DelegatingMethodAccessorImpl.java:43)
	... 13 more


16-05-2025T21:00:25 - [MESSAGE][ERROR] - org.codehaus.groovy.runtime.InvokerInvocationException: groovy.lang.MissingMethodException: No signature of method: com.kms.katalon.core.context.internal.InternalTestSuiteContext.getTestSuiteResult() is applicable for argument types: () values: []
	at com.kms.katalon.core.context.internal.TestHooker.invokeMethod(TestHooker.java:111)
	at com.kms.katalon.core.context.internal.TestHooker.lambda$3(TestHooker.java:95)
	at com.kms.katalon.core.context.internal.TestHooker.invokeContextMethods(TestHooker.java:94)
	at com.kms.katalon.core.context.internal.TestListenerCollector.lambda$3(TestListenerCollector.java:88)
	at com.kms.katalon.core.context.internal.TestListenerCollector.handleListenerEvent(TestListenerCollector.java:85)
	at com.kms.katalon.core.context.internal.ExecutionEventManager.publicEvent(ExecutionEventManager.java:36)
	at com.kms.katalon.core.main.TestSuiteExecutor.executeListenerAfterTestSuite(TestSuiteExecutor.java:133)
	at com.kms.katalon.core.main.TestSuiteExecutor.execute(TestSuiteExecutor.java:111)
	at com.kms.katalon.core.main.TestCaseMain.startTestSuite(TestCaseMain.java:186)
	at TempTestSuite1747409309581.run(TempTestSuite1747409309581.groovy:35)
	at java.base/jdk.internal.reflect.NativeMethodAccessorImpl.invoke0(Native Method)
	at java.base/jdk.internal.reflect.NativeMethodAccessorImpl.invoke(NativeMethodAccessorImpl.java:77)
	at java.base/jdk.internal.reflect.DelegatingMethodAccessorImpl.invoke(DelegatingMethodAccessorImpl.java:43)
Caused by: groovy.lang.MissingMethodException: No signature of method: com.kms.katalon.core.context.internal.InternalTestSuiteContext.getTestSuiteResult() is applicable for argument types: () values: []
	at TestListener.afterTestSuite(TestListener.groovy:42)
	at java.base/jdk.internal.reflect.NativeMethodAccessorImpl.invoke0(Native Method)
	at java.base/jdk.internal.reflect.NativeMethodAccessorImpl.invoke(NativeMethodAccessorImpl.java:77)
	at java.base/jdk.internal.reflect.DelegatingMethodAccessorImpl.invoke(DelegatingMethodAccessorImpl.java:43)
	... 13 more]]></system-out>
      <system-err><![CDATA[]]></system-err>
   </testsuite>
</testsuites>
