2025-05-16 23:27:15.018 INFO  c.k.katalon.core.main.TestSuiteExecutor  - START Test Suites/Phase 1
2025-05-16 23:27:15.070 INFO  c.k.katalon.core.main.TestSuiteExecutor  - userFullName = yash kabra
2025-05-16 23:27:15.071 INFO  c.k.katalon.core.main.TestSuiteExecutor  - projectName = Quantumtrades
2025-05-16 23:27:15.071 INFO  c.k.katalon.core.main.TestSuiteExecutor  - hostName = yashkabra - localhost
2025-05-16 23:27:15.072 INFO  c.k.katalon.core.main.TestSuiteExecutor  - os = Mac OS X 64bit
2025-05-16 23:27:15.072 INFO  c.k.katalon.core.main.TestSuiteExecutor  - hostAddress = 127.0.0.1
2025-05-16 23:27:15.072 INFO  c.k.katalon.core.main.TestSuiteExecutor  - katalonVersion = 10.2.0.0
2025-05-16 23:27:15.269 INFO  c.k.katalon.core.main.TestCaseExecutor   - --------------------
2025-05-16 23:27:15.269 INFO  c.k.katalon.core.main.TestCaseExecutor   - START Test Cases/Login_and_SignUp/Standard_Login_TC
2025-05-16 23:27:15.319 DEBUG testcase.Standard_Login_TC               - 1: openBrowser("")
2025-05-16 23:27:15.395 INFO  c.k.k.core.webui.driver.DriverFactory    - Starting 'Chrome' driver
2025-05-16 23:27:15.417 INFO  c.k.k.core.webui.driver.DriverFactory    - Action delay is set to 0 milliseconds
May 16, 2025 11:27:22 PM org.openqa.selenium.devtools.CdpVersionFinder findNearestMatch
WARNING: Unable to find CDP implementation matching 136
May 16, 2025 11:27:22 PM org.openqa.selenium.chromium.ChromiumDriver lambda$new$4
WARNING: Unable to find version of CDP to use for 136.0.7103.114. You may need to include a dependency on a specific version of the CDP using something similar to `org.seleniumhq.selenium:selenium-devtools-v86:4.28.1` where the version ("v86") matches the version of the chromium-based browser you're using and the version number of the artifact is the same as Selenium's.
2025-05-16 23:27:22.454 INFO  c.k.k.core.webui.driver.DriverFactory    - sessionId = daee1b925faf661cc449444a499655c5
2025-05-16 23:27:22.455 INFO  c.k.k.core.webui.driver.DriverFactory    - browser = Chrome 136.0.7103.114
2025-05-16 23:27:22.455 INFO  c.k.k.core.webui.driver.DriverFactory    - platform = Mac OS X
2025-05-16 23:27:22.455 INFO  c.k.k.core.webui.driver.DriverFactory    - seleniumVersion = 4.28.1
2025-05-16 23:27:22.459 INFO  c.k.k.core.webui.driver.DriverFactory    - proxyInformation = ProxyInformation { proxyOption=NO_PROXY, proxyServerType=HTTP, username=, password=********, proxyServerAddress=, proxyServerPort=0, executionList="", isApplyToDesiredCapabilities=true }
2025-05-16 23:27:22.479 DEBUG testcase.Standard_Login_TC               - 2: navigateToUrl("https://dev-portal.quantumtrades.com/")
2025-05-16 23:27:29.507 DEBUG testcase.Standard_Login_TC               - 3: click(findTestObject("Object Repository/Login_page/Page_QuantumTrades/input_Enter your email or phone number"))
2025-05-16 23:27:29.856 DEBUG testcase.Standard_Login_TC               - 4: sendKeys(findTestObject("Object Repository/Login_page/Page_QuantumTrades/input_Enter your email or phone number"), "yashkabra30@gmail.com")
2025-05-16 23:27:30.294 DEBUG testcase.Standard_Login_TC               - 5: delay(10)
2025-05-16 23:27:40.322 DEBUG testcase.Standard_Login_TC               - 6: click(findTestObject("Object Repository/Login_page/Page_QuantumTrades/button_signInBtnEmailContinue"))
2025-05-16 23:27:40.618 DEBUG testcase.Standard_Login_TC               - 7: click(findTestObject("Object Repository/Login_page/Page_QuantumTrades/input_Please enter your password"))
2025-05-16 23:28:12.125 INFO  c.k.k.c.webui.common.WebUiCommonHelper   - Unable to find the element located by 'By.xpath: //*[@id = 'signInTextPassword']'. Please recheck the objects properties to make sure the desired element is located. 
2025-05-16 23:28:12.496 ERROR c.k.k.core.keyword.internal.KeywordMain  - ❌ Unable to click on object 'Object Repository/Login_page/Page_QuantumTrades/input_Please enter your password' (Root cause: com.kms.katalon.core.exception.StepFailedException: Unable to click on object 'Object Repository/Login_page/Page_QuantumTrades/input_Please enter your password'
	at com.kms.katalon.core.webui.keyword.internal.WebUIKeywordMain.stepFailed(WebUIKeywordMain.groovy:117)
	at com.kms.katalon.core.webui.keyword.internal.WebUIKeywordMain.runKeyword(WebUIKeywordMain.groovy:43)
	at com.kms.katalon.core.webui.keyword.builtin.ClickKeyword.click(ClickKeyword.groovy:75)
	at com.kms.katalon.core.webui.keyword.builtin.ClickKeyword.execute(ClickKeyword.groovy:40)
	at com.kms.katalon.core.keyword.internal.KeywordExecutor.executeKeywordForPlatform(KeywordExecutor.groovy:74)
	at com.kms.katalon.core.webui.keyword.WebUiBuiltInKeywords.click(WebUiBuiltInKeywords.groovy:696)
	at Standard_Login_TC.run(Standard_Login_TC:34)
	at com.kms.katalon.core.main.ScriptEngine.run(ScriptEngine.java:194)
	at com.kms.katalon.core.main.ScriptEngine.runScriptAsRawText(ScriptEngine.java:119)
	at com.kms.katalon.core.main.TestCaseExecutor.runScript(TestCaseExecutor.java:486)
	at com.kms.katalon.core.main.TestCaseExecutor.doExecute(TestCaseExecutor.java:477)
	at com.kms.katalon.core.main.TestCaseExecutor.processExecutionPhase(TestCaseExecutor.java:456)
	at com.kms.katalon.core.main.TestCaseExecutor.accessMainPhase(TestCaseExecutor.java:448)
	at com.kms.katalon.core.main.TestCaseExecutor.execute(TestCaseExecutor.java:322)
	at com.kms.katalon.core.common.CommonExecutor.accessTestCaseMainPhase(CommonExecutor.java:71)
	at com.kms.katalon.core.main.TestSuiteExecutor.accessTestSuiteMainPhase(TestSuiteExecutor.java:160)
	at com.kms.katalon.core.main.TestSuiteExecutor.execute(TestSuiteExecutor.java:107)
	at com.kms.katalon.core.main.TestCaseMain.startTestSuite(TestCaseMain.java:186)
	at TempTestSuite1747418231764.run(TempTestSuite1747418231764.groovy:35)
	at java.base/jdk.internal.reflect.NativeMethodAccessorImpl.invoke0(Native Method)
	at java.base/jdk.internal.reflect.NativeMethodAccessorImpl.invoke(NativeMethodAccessorImpl.java:77)
	at java.base/jdk.internal.reflect.DelegatingMethodAccessorImpl.invoke(DelegatingMethodAccessorImpl.java:43)
Caused by: com.kms.katalon.core.webui.exception.WebElementNotFoundException: Web element with id: 'Object Repository/Login_page/Page_QuantumTrades/input_Please enter your password' located by '//*[@id = 'signInTextPassword']' not found
	at com.kms.katalon.core.webui.common.WebUiCommonHelper.findWebElement(WebUiCommonHelper.java:1457)
	at com.kms.katalon.core.webui.keyword.internal.WebUIAbstractKeyword.findWebElement(WebUIAbstractKeyword.groovy:27)
	at com.kms.katalon.core.webui.keyword.builtin.ClickKeyword$_click_closure1.doCall(ClickKeyword.groovy:66)
	at com.kms.katalon.core.webui.keyword.builtin.ClickKeyword$_click_closure1.call(ClickKeyword.groovy)
	at com.kms.katalon.core.webui.keyword.internal.WebUIKeywordMain.runKeyword(WebUIKeywordMain.groovy:35)
	at com.kms.katalon.core.webui.keyword.builtin.ClickKeyword.click(ClickKeyword.groovy:75)
	at com.kms.katalon.core.webui.keyword.builtin.ClickKeyword.execute(ClickKeyword.groovy:40)
	at com.kms.katalon.core.keyword.internal.KeywordExecutor.executeKeywordForPlatform(KeywordExecutor.groovy:74)
	at com.kms.katalon.core.webui.keyword.WebUiBuiltInKeywords.click(WebUiBuiltInKeywords.groovy:696)
	at Script1747286951341.run(Script1747286951341.groovy:34)
	... 15 more
)
2025-05-16 23:28:12.498 ERROR c.k.katalon.core.main.TestCaseExecutor   - ❌ Test Cases/Login_and_SignUp/Standard_Login_TC FAILED.
Reason:
com.kms.katalon.core.exception.StepFailedException: Unable to click on object 'Object Repository/Login_page/Page_QuantumTrades/input_Please enter your password'
	at com.kms.katalon.core.webui.keyword.internal.WebUIKeywordMain.stepFailed(WebUIKeywordMain.groovy:117)
	at com.kms.katalon.core.webui.keyword.internal.WebUIKeywordMain.runKeyword(WebUIKeywordMain.groovy:43)
	at com.kms.katalon.core.webui.keyword.builtin.ClickKeyword.click(ClickKeyword.groovy:75)
	at com.kms.katalon.core.webui.keyword.builtin.ClickKeyword.execute(ClickKeyword.groovy:40)
	at com.kms.katalon.core.keyword.internal.KeywordExecutor.executeKeywordForPlatform(KeywordExecutor.groovy:74)
	at com.kms.katalon.core.webui.keyword.WebUiBuiltInKeywords.click(WebUiBuiltInKeywords.groovy:696)
	at Standard_Login_TC.run(Standard_Login_TC:34)
	at com.kms.katalon.core.main.ScriptEngine.run(ScriptEngine.java:194)
	at com.kms.katalon.core.main.ScriptEngine.runScriptAsRawText(ScriptEngine.java:119)
	at com.kms.katalon.core.main.TestCaseExecutor.runScript(TestCaseExecutor.java:486)
	at com.kms.katalon.core.main.TestCaseExecutor.doExecute(TestCaseExecutor.java:477)
	at com.kms.katalon.core.main.TestCaseExecutor.processExecutionPhase(TestCaseExecutor.java:456)
	at com.kms.katalon.core.main.TestCaseExecutor.accessMainPhase(TestCaseExecutor.java:448)
	at com.kms.katalon.core.main.TestCaseExecutor.execute(TestCaseExecutor.java:322)
	at com.kms.katalon.core.common.CommonExecutor.accessTestCaseMainPhase(CommonExecutor.java:71)
	at com.kms.katalon.core.main.TestSuiteExecutor.accessTestSuiteMainPhase(TestSuiteExecutor.java:160)
	at com.kms.katalon.core.main.TestSuiteExecutor.execute(TestSuiteExecutor.java:107)
	at com.kms.katalon.core.main.TestCaseMain.startTestSuite(TestCaseMain.java:186)
	at TempTestSuite1747418231764.run(TempTestSuite1747418231764.groovy:35)
	at java.base/jdk.internal.reflect.NativeMethodAccessorImpl.invoke0(Native Method)
	at java.base/jdk.internal.reflect.NativeMethodAccessorImpl.invoke(NativeMethodAccessorImpl.java:77)
	at java.base/jdk.internal.reflect.DelegatingMethodAccessorImpl.invoke(DelegatingMethodAccessorImpl.java:43)
Caused by: com.kms.katalon.core.webui.exception.WebElementNotFoundException: Web element with id: 'Object Repository/Login_page/Page_QuantumTrades/input_Please enter your password' located by '//*[@id = 'signInTextPassword']' not found
	at com.kms.katalon.core.webui.common.WebUiCommonHelper.findWebElement(WebUiCommonHelper.java:1457)
	at com.kms.katalon.core.webui.keyword.internal.WebUIAbstractKeyword.findWebElement(WebUIAbstractKeyword.groovy:27)
	at com.kms.katalon.core.webui.keyword.builtin.ClickKeyword$_click_closure1.doCall(ClickKeyword.groovy:66)
	at com.kms.katalon.core.webui.keyword.builtin.ClickKeyword$_click_closure1.call(ClickKeyword.groovy)
	at com.kms.katalon.core.webui.keyword.internal.WebUIKeywordMain.runKeyword(WebUIKeywordMain.groovy:35)
	... 20 more

2025-05-16 23:28:12.620 INFO  c.k.katalon.core.main.TestCaseExecutor   - END Test Cases/Login_and_SignUp/Standard_Login_TC
2025-05-16 23:28:12.629 INFO  c.k.katalon.core.main.TestCaseExecutor   - --------------------
2025-05-16 23:28:12.629 INFO  c.k.katalon.core.main.TestCaseExecutor   - START Test Cases/Login_and_SignUp/Login_With_Valid_Email_Invalid_PWD_TC
2025-05-16 23:28:12.663 DEBUG t.Login_With_Valid_Email_Invalid_PWD_TC  - 1: openBrowser("")
2025-05-16 23:28:12.666 INFO  c.k.k.core.webui.driver.DriverFactory    - Starting 'Chrome' driver
2025-05-16 23:28:12.667 INFO  c.k.k.core.webui.driver.DriverFactory    - Action delay is set to 0 milliseconds
May 16, 2025 11:28:14 PM org.openqa.selenium.devtools.CdpVersionFinder findNearestMatch
WARNING: Unable to find CDP implementation matching 136
May 16, 2025 11:28:14 PM org.openqa.selenium.chromium.ChromiumDriver lambda$new$4
WARNING: Unable to find version of CDP to use for 136.0.7103.114. You may need to include a dependency on a specific version of the CDP using something similar to `org.seleniumhq.selenium:selenium-devtools-v86:4.28.1` where the version ("v86") matches the version of the chromium-based browser you're using and the version number of the artifact is the same as Selenium's.
2025-05-16 23:28:14.221 INFO  c.k.k.core.webui.driver.DriverFactory    - sessionId = 2e8c28d6ac40661a179adda11ed211e4
2025-05-16 23:28:14.222 INFO  c.k.k.core.webui.driver.DriverFactory    - browser = Chrome 136.0.7103.114
2025-05-16 23:28:14.222 INFO  c.k.k.core.webui.driver.DriverFactory    - platform = Mac OS X
2025-05-16 23:28:14.222 INFO  c.k.k.core.webui.driver.DriverFactory    - seleniumVersion = 4.28.1
2025-05-16 23:28:14.222 INFO  c.k.k.core.webui.driver.DriverFactory    - proxyInformation = ProxyInformation { proxyOption=NO_PROXY, proxyServerType=HTTP, username=, password=********, proxyServerAddress=, proxyServerPort=0, executionList="", isApplyToDesiredCapabilities=true }
2025-05-16 23:28:14.233 DEBUG t.Login_With_Valid_Email_Invalid_PWD_TC  - 2: navigateToUrl("https://dev-portal.quantumtrades.com/")
2025-05-16 23:28:22.221 DEBUG t.Login_With_Valid_Email_Invalid_PWD_TC  - 3: setText(findTestObject("Object Repository/Login_page/Page_QuantumTrades/input_Enter your email or phone number"), "yashkabra30@gmail.com")
2025-05-16 23:28:23.373 DEBUG t.Login_With_Valid_Email_Invalid_PWD_TC  - 4: click(findTestObject("Object Repository/Login_page/Page_QuantumTrades/button_signInBtnEmailContinue"))
2025-05-16 23:28:23.887 DEBUG t.Login_With_Valid_Email_Invalid_PWD_TC  - 5: click(findTestObject("Object Repository/Login_page/Page_QuantumTrades/button_signInBtnEmailContinue"))
2025-05-16 23:28:28.907 DEBUG t.Login_With_Valid_Email_Invalid_PWD_TC  - 6: click(findTestObject("Object Repository/Login_page/Page_QuantumTrades/button_signInBtnEmailContinue"))
2025-05-16 23:28:30.931 DEBUG t.Login_With_Valid_Email_Invalid_PWD_TC  - 7: click(findTestObject("Object Repository/Login_page/Page_QuantumTrades/input_Please enter your password"))
2025-05-16 23:29:02.787 INFO  c.k.k.c.webui.common.WebUiCommonHelper   - Unable to find the element located by 'By.xpath: //*[@id = 'signInTextPassword']'. Please recheck the objects properties to make sure the desired element is located. 
2025-05-16 23:29:03.171 ERROR c.k.k.core.keyword.internal.KeywordMain  - ❌ Unable to click on object 'Object Repository/Login_page/Page_QuantumTrades/input_Please enter your password' (Root cause: com.kms.katalon.core.exception.StepFailedException: Unable to click on object 'Object Repository/Login_page/Page_QuantumTrades/input_Please enter your password'
	at com.kms.katalon.core.webui.keyword.internal.WebUIKeywordMain.stepFailed(WebUIKeywordMain.groovy:117)
	at com.kms.katalon.core.webui.keyword.internal.WebUIKeywordMain.runKeyword(WebUIKeywordMain.groovy:43)
	at com.kms.katalon.core.webui.keyword.builtin.ClickKeyword.click(ClickKeyword.groovy:75)
	at com.kms.katalon.core.webui.keyword.builtin.ClickKeyword.execute(ClickKeyword.groovy:40)
	at com.kms.katalon.core.keyword.internal.KeywordExecutor.executeKeywordForPlatform(KeywordExecutor.groovy:74)
	at com.kms.katalon.core.webui.keyword.WebUiBuiltInKeywords.click(WebUiBuiltInKeywords.groovy:696)
	at Login_With_Valid_Email_Invalid_PWD_TC.run(Login_With_Valid_Email_Invalid_PWD_TC:33)
	at com.kms.katalon.core.main.ScriptEngine.run(ScriptEngine.java:194)
	at com.kms.katalon.core.main.ScriptEngine.runScriptAsRawText(ScriptEngine.java:119)
	at com.kms.katalon.core.main.TestCaseExecutor.runScript(TestCaseExecutor.java:486)
	at com.kms.katalon.core.main.TestCaseExecutor.doExecute(TestCaseExecutor.java:477)
	at com.kms.katalon.core.main.TestCaseExecutor.processExecutionPhase(TestCaseExecutor.java:456)
	at com.kms.katalon.core.main.TestCaseExecutor.accessMainPhase(TestCaseExecutor.java:448)
	at com.kms.katalon.core.main.TestCaseExecutor.execute(TestCaseExecutor.java:322)
	at com.kms.katalon.core.common.CommonExecutor.accessTestCaseMainPhase(CommonExecutor.java:71)
	at com.kms.katalon.core.main.TestSuiteExecutor.accessTestSuiteMainPhase(TestSuiteExecutor.java:160)
	at com.kms.katalon.core.main.TestSuiteExecutor.execute(TestSuiteExecutor.java:107)
	at com.kms.katalon.core.main.TestCaseMain.startTestSuite(TestCaseMain.java:186)
	at TempTestSuite1747418231764.run(TempTestSuite1747418231764.groovy:35)
	at java.base/jdk.internal.reflect.NativeMethodAccessorImpl.invoke0(Native Method)
	at java.base/jdk.internal.reflect.NativeMethodAccessorImpl.invoke(NativeMethodAccessorImpl.java:77)
	at java.base/jdk.internal.reflect.DelegatingMethodAccessorImpl.invoke(DelegatingMethodAccessorImpl.java:43)
Caused by: com.kms.katalon.core.webui.exception.WebElementNotFoundException: Web element with id: 'Object Repository/Login_page/Page_QuantumTrades/input_Please enter your password' located by '//*[@id = 'signInTextPassword']' not found
	at com.kms.katalon.core.webui.common.WebUiCommonHelper.findWebElement(WebUiCommonHelper.java:1457)
	at com.kms.katalon.core.webui.keyword.internal.WebUIAbstractKeyword.findWebElement(WebUIAbstractKeyword.groovy:27)
	at com.kms.katalon.core.webui.keyword.builtin.ClickKeyword$_click_closure1.doCall(ClickKeyword.groovy:66)
	at com.kms.katalon.core.webui.keyword.builtin.ClickKeyword$_click_closure1.call(ClickKeyword.groovy)
	at com.kms.katalon.core.webui.keyword.internal.WebUIKeywordMain.runKeyword(WebUIKeywordMain.groovy:35)
	at com.kms.katalon.core.webui.keyword.builtin.ClickKeyword.click(ClickKeyword.groovy:75)
	at com.kms.katalon.core.webui.keyword.builtin.ClickKeyword.execute(ClickKeyword.groovy:40)
	at com.kms.katalon.core.keyword.internal.KeywordExecutor.executeKeywordForPlatform(KeywordExecutor.groovy:74)
	at com.kms.katalon.core.webui.keyword.WebUiBuiltInKeywords.click(WebUiBuiltInKeywords.groovy:696)
	at Script1747398947402.run(Script1747398947402.groovy:33)
	... 15 more
)
2025-05-16 23:29:03.173 ERROR c.k.katalon.core.main.TestCaseExecutor   - ❌ Test Cases/Login_and_SignUp/Login_With_Valid_Email_Invalid_PWD_TC FAILED.
Reason:
com.kms.katalon.core.exception.StepFailedException: Unable to click on object 'Object Repository/Login_page/Page_QuantumTrades/input_Please enter your password'
	at com.kms.katalon.core.webui.keyword.internal.WebUIKeywordMain.stepFailed(WebUIKeywordMain.groovy:117)
	at com.kms.katalon.core.webui.keyword.internal.WebUIKeywordMain.runKeyword(WebUIKeywordMain.groovy:43)
	at com.kms.katalon.core.webui.keyword.builtin.ClickKeyword.click(ClickKeyword.groovy:75)
	at com.kms.katalon.core.webui.keyword.builtin.ClickKeyword.execute(ClickKeyword.groovy:40)
	at com.kms.katalon.core.keyword.internal.KeywordExecutor.executeKeywordForPlatform(KeywordExecutor.groovy:74)
	at com.kms.katalon.core.webui.keyword.WebUiBuiltInKeywords.click(WebUiBuiltInKeywords.groovy:696)
	at Login_With_Valid_Email_Invalid_PWD_TC.run(Login_With_Valid_Email_Invalid_PWD_TC:33)
	at com.kms.katalon.core.main.ScriptEngine.run(ScriptEngine.java:194)
	at com.kms.katalon.core.main.ScriptEngine.runScriptAsRawText(ScriptEngine.java:119)
	at com.kms.katalon.core.main.TestCaseExecutor.runScript(TestCaseExecutor.java:486)
	at com.kms.katalon.core.main.TestCaseExecutor.doExecute(TestCaseExecutor.java:477)
	at com.kms.katalon.core.main.TestCaseExecutor.processExecutionPhase(TestCaseExecutor.java:456)
	at com.kms.katalon.core.main.TestCaseExecutor.accessMainPhase(TestCaseExecutor.java:448)
	at com.kms.katalon.core.main.TestCaseExecutor.execute(TestCaseExecutor.java:322)
	at com.kms.katalon.core.common.CommonExecutor.accessTestCaseMainPhase(CommonExecutor.java:71)
	at com.kms.katalon.core.main.TestSuiteExecutor.accessTestSuiteMainPhase(TestSuiteExecutor.java:160)
	at com.kms.katalon.core.main.TestSuiteExecutor.execute(TestSuiteExecutor.java:107)
	at com.kms.katalon.core.main.TestCaseMain.startTestSuite(TestCaseMain.java:186)
	at TempTestSuite1747418231764.run(TempTestSuite1747418231764.groovy:35)
	at java.base/jdk.internal.reflect.NativeMethodAccessorImpl.invoke0(Native Method)
	at java.base/jdk.internal.reflect.NativeMethodAccessorImpl.invoke(NativeMethodAccessorImpl.java:77)
	at java.base/jdk.internal.reflect.DelegatingMethodAccessorImpl.invoke(DelegatingMethodAccessorImpl.java:43)
Caused by: com.kms.katalon.core.webui.exception.WebElementNotFoundException: Web element with id: 'Object Repository/Login_page/Page_QuantumTrades/input_Please enter your password' located by '//*[@id = 'signInTextPassword']' not found
	at com.kms.katalon.core.webui.common.WebUiCommonHelper.findWebElement(WebUiCommonHelper.java:1457)
	at com.kms.katalon.core.webui.keyword.internal.WebUIAbstractKeyword.findWebElement(WebUIAbstractKeyword.groovy:27)
	at com.kms.katalon.core.webui.keyword.builtin.ClickKeyword$_click_closure1.doCall(ClickKeyword.groovy:66)
	at com.kms.katalon.core.webui.keyword.builtin.ClickKeyword$_click_closure1.call(ClickKeyword.groovy)
	at com.kms.katalon.core.webui.keyword.internal.WebUIKeywordMain.runKeyword(WebUIKeywordMain.groovy:35)
	... 20 more

2025-05-16 23:29:03.284 INFO  c.k.katalon.core.main.TestCaseExecutor   - END Test Cases/Login_and_SignUp/Login_With_Valid_Email_Invalid_PWD_TC
2025-05-16 23:29:03.291 INFO  c.k.katalon.core.main.TestCaseExecutor   - --------------------
2025-05-16 23:29:03.291 INFO  c.k.katalon.core.main.TestCaseExecutor   - START Test Cases/Login_and_SignUp/Login_With_Invalid_Email_TC
2025-05-16 23:29:03.328 DEBUG testcase.Login_With_Invalid_Email_TC     - 1: openBrowser("")
2025-05-16 23:29:03.332 INFO  c.k.k.core.webui.driver.DriverFactory    - Starting 'Chrome' driver
2025-05-16 23:29:03.333 INFO  c.k.k.core.webui.driver.DriverFactory    - Action delay is set to 0 milliseconds
May 16, 2025 11:29:04 PM org.openqa.selenium.devtools.CdpVersionFinder findNearestMatch
WARNING: Unable to find CDP implementation matching 136
May 16, 2025 11:29:04 PM org.openqa.selenium.chromium.ChromiumDriver lambda$new$4
WARNING: Unable to find version of CDP to use for 136.0.7103.114. You may need to include a dependency on a specific version of the CDP using something similar to `org.seleniumhq.selenium:selenium-devtools-v86:4.28.1` where the version ("v86") matches the version of the chromium-based browser you're using and the version number of the artifact is the same as Selenium's.
2025-05-16 23:29:04.778 INFO  c.k.k.core.webui.driver.DriverFactory    - sessionId = c6ceb1433330a7b50e5dbab7472c054f
2025-05-16 23:29:04.778 INFO  c.k.k.core.webui.driver.DriverFactory    - browser = Chrome 136.0.7103.114
2025-05-16 23:29:04.779 INFO  c.k.k.core.webui.driver.DriverFactory    - platform = Mac OS X
2025-05-16 23:29:04.779 INFO  c.k.k.core.webui.driver.DriverFactory    - seleniumVersion = 4.28.1
2025-05-16 23:29:04.780 INFO  c.k.k.core.webui.driver.DriverFactory    - proxyInformation = ProxyInformation { proxyOption=NO_PROXY, proxyServerType=HTTP, username=, password=********, proxyServerAddress=, proxyServerPort=0, executionList="", isApplyToDesiredCapabilities=true }
2025-05-16 23:29:04.788 DEBUG testcase.Login_With_Invalid_Email_TC     - 2: navigateToUrl("https://dev-portal.quantumtrades.com/")
2025-05-16 23:29:12.128 DEBUG testcase.Login_With_Invalid_Email_TC     - 3: setText(findTestObject("Object Repository/Login_page/Page_QuantumTrades/input_Enter your email or phone number"), "test@test.com")
2025-05-16 23:29:13.347 DEBUG testcase.Login_With_Invalid_Email_TC     - 4: click(findTestObject("Object Repository/Login_page/Page_QuantumTrades/button_signInBtnEmailContinue"))
2025-05-16 23:29:13.866 DEBUG testcase.Login_With_Invalid_Email_TC     - 5: click(findTestObject("Object Repository/Login_page/Page_QuantumTrades/p_User doesnt exist for the entered email"))
2025-05-16 23:29:17.899 DEBUG testcase.Login_With_Invalid_Email_TC     - 6: closeBrowser()
2025-05-16 23:29:18.013 INFO  c.k.katalon.core.main.TestCaseExecutor   - END Test Cases/Login_and_SignUp/Login_With_Invalid_Email_TC
2025-05-16 23:29:18.135 ERROR c.k.k.core.context.internal.TestHooker   - ❌ org.codehaus.groovy.runtime.InvokerInvocationException: groovy.lang.MissingMethodException: No signature of method: custom.DiscordNotifier.sendDiscordEmbedMessage() is applicable for argument types: (String, String, String, String) values: [Test Suites/Phase 1, COMPLETE, 122 seconds, /Users/yashkabra/Katalon Studio/Quantumtrades/Reports/20250516_232918/Test Suites/Phase 1/20250516_232918]
Possible solutions: sendDiscordEmbedMessage(java.lang.String, java.lang.String, java.lang.String, java.lang.String, int, int, int, int)
	at com.kms.katalon.core.context.internal.TestHooker.invokeMethod(TestHooker.java:111)
	at com.kms.katalon.core.context.internal.TestHooker.lambda$3(TestHooker.java:95)
	at com.kms.katalon.core.context.internal.TestHooker.invokeContextMethods(TestHooker.java:94)
	at com.kms.katalon.core.context.internal.TestListenerCollector.lambda$3(TestListenerCollector.java:88)
	at com.kms.katalon.core.context.internal.TestListenerCollector.handleListenerEvent(TestListenerCollector.java:85)
	at com.kms.katalon.core.context.internal.ExecutionEventManager.publicEvent(ExecutionEventManager.java:36)
	at com.kms.katalon.core.main.TestSuiteExecutor.executeListenerAfterTestSuite(TestSuiteExecutor.java:133)
	at com.kms.katalon.core.main.TestSuiteExecutor.execute(TestSuiteExecutor.java:111)
	at com.kms.katalon.core.main.TestCaseMain.startTestSuite(TestCaseMain.java:186)
	at TempTestSuite1747418231764.run(TempTestSuite1747418231764.groovy:35)
	at java.base/jdk.internal.reflect.NativeMethodAccessorImpl.invoke0(Native Method)
	at java.base/jdk.internal.reflect.NativeMethodAccessorImpl.invoke(NativeMethodAccessorImpl.java:77)
	at java.base/jdk.internal.reflect.DelegatingMethodAccessorImpl.invoke(DelegatingMethodAccessorImpl.java:43)
Caused by: groovy.lang.MissingMethodException: No signature of method: custom.DiscordNotifier.sendDiscordEmbedMessage() is applicable for argument types: (String, String, String, String) values: [Test Suites/Phase 1, COMPLETE, 122 seconds, /Users/yashkabra/Katalon Studio/Quantumtrades/Reports/20250516_232918/Test Suites/Phase 1/20250516_232918]
Possible solutions: sendDiscordEmbedMessage(java.lang.String, java.lang.String, java.lang.String, java.lang.String, int, int, int, int)
	at TestListener.afterTestSuite(TestListener.groovy:48)
	at java.base/jdk.internal.reflect.NativeMethodAccessorImpl.invoke0(Native Method)
	at java.base/jdk.internal.reflect.NativeMethodAccessorImpl.invoke(NativeMethodAccessorImpl.java:77)
	at java.base/jdk.internal.reflect.DelegatingMethodAccessorImpl.invoke(DelegatingMethodAccessorImpl.java:43)
	... 13 more

2025-05-16 23:29:18.193 INFO  c.k.katalon.core.main.TestSuiteExecutor  - --------------------
2025-05-16 23:29:18.193 INFO  c.k.katalon.core.main.TestSuiteExecutor  - END Test Suites/Phase 1
2025-05-16 23:29:18.193 INFO  c.k.katalon.core.main.TestSuiteExecutor  - ====================
