<?xml version="1.0" encoding="UTF-8"?>
<testsuites name="Phase 1" time="122.951" tests="3" failures="2" errors="0">
   <testsuite name="Phase 1" tests="3" failures="2" errors="0" time="122.951" skipped="0" timestamp="16-05-2025T23:27:15" hostname="yashkabra - localhost" id="Test Suites/Phase 1">
      <properties>
         <property name="deviceName" value=""/>
         <property name="devicePlatform"/>
         <property name="logFolder" value="/Users/yashkabra/Katalon Studio/Quantumtrades/Reports/20250516_232711/Phase 1/20250516_232711"/>
         <property name="logFiles" value="/Users/yashkabra/Katalon Studio/Quantumtrades/Reports/20250516_232711/Phase 1/20250516_232711/execution0.log, /Users/yashkabra/Katalon Studio/Quantumtrades/Reports/20250516_232711/Phase 1/20250516_232711/console0.log"/>
         <property name="attachments" value="/Users/yashkabra/Katalon Studio/Quantumtrades/Reports/20250516_232711/Phase 1/20250516_232711/1747418292133.png, /Users/yashkabra/Katalon Studio/Quantumtrades/Reports/20250516_232711/Phase 1/20250516_232711/1747418342789.png"/>
         <property name="hostName" value="yashkabra - localhost"/>
         <property name="os" value="Mac OS X 64bit"/>
         <property name="katalonVersion" value="10.2.0.0"/>
         <property name="browser" value="Chrome 136.0.7103.114"/>
         <property name="userFullName" value="yash kabra"/>
         <property name="hostAddress" value="127.0.0.1"/>
         <property name="sessionId" value="c6ceb1433330a7b50e5dbab7472c054f"/>
         <property name="projectName" value="Quantumtrades"/>
         <property name="seleniumVersion" value="4.28.1"/>
         <property name="proxyInformation" value="ProxyInformation { proxyOption=NO_PROXY, proxyServerType=HTTP, username=, password=********, proxyServerAddress=, proxyServerPort=0, executionList=&quot;&quot;, isApplyToDesiredCapabilities=true }"/>
         <property name="platform" value="Mac OS X"/>
      </properties>
      <testcase name="Test Cases/Login_and_SignUp/Standard_Login_TC" time="57.351" classname="Test Cases/Login_and_SignUp/Standard_Login_TC" status="FAILED">
         <failure type="FAILED" message="Test Cases/Login_and_SignUp/Standard_Login_TC FAILED.&#xa;Reason:&#xa;com.kms.katalon.core.exception.StepFailedException: Unable to click on object 'Object Repository/Login_page/Page_QuantumTrades/input_Please enter your password'&#xa;	at com.kms.katalon.core.webui.keyword.internal.WebUIKeywordMain.stepFailed(WebUIKeywordMain.groovy:117)&#xa;	at com.kms.katalon.core.webui.keyword.internal.WebUIKeywordMain.runKeyword(WebUIKeywordMain.groovy:43)&#xa;	at com.kms.katalon.core.webui.keyword.builtin.ClickKeyword.click(ClickKeyword.groovy:75)&#xa;	at com.kms.katalon.core.webui.keyword.builtin.ClickKeyword.execute(ClickKeyword.groovy:40)&#xa;	at com.kms.katalon.core.keyword.internal.KeywordExecutor.executeKeywordForPlatform(KeywordExecutor.groovy:74)&#xa;	at com.kms.katalon.core.webui.keyword.WebUiBuiltInKeywords.click(WebUiBuiltInKeywords.groovy:696)&#xa;	at Standard_Login_TC.run(Standard_Login_TC:34)&#xa;	at com.kms.katalon.core.main.ScriptEngine.run(ScriptEngine.java:194)&#xa;	at com.kms.katalon.core.main.ScriptEngine.runScriptAsRawText(ScriptEngine.java:119)&#xa;	at com.kms.katalon.core.main.TestCaseExecutor.runScript(TestCaseExecutor.java:486)&#xa;	at com.kms.katalon.core.main.TestCaseExecutor.doExecute(TestCaseExecutor.java:477)&#xa;	at com.kms.katalon.core.main.TestCaseExecutor.processExecutionPhase(TestCaseExecutor.java:456)&#xa;	at com.kms.katalon.core.main.TestCaseExecutor.accessMainPhase(TestCaseExecutor.java:448)&#xa;	at com.kms.katalon.core.main.TestCaseExecutor.execute(TestCaseExecutor.java:322)&#xa;	at com.kms.katalon.core.common.CommonExecutor.accessTestCaseMainPhase(CommonExecutor.java:71)&#xa;	at com.kms.katalon.core.main.TestSuiteExecutor.accessTestSuiteMainPhase(TestSuiteExecutor.java:160)&#xa;	at com.kms.katalon.core.main.TestSuiteExecutor.execute(TestSuiteExecutor.java:107)&#xa;	at com.kms.katalon.core.main.TestCaseMain.startTestSuite(TestCaseMain.java:186)&#xa;	at TempTestSuite1747418231764.run(TempTestSuite1747418231764.groovy:35)&#xa;	at java.base/jdk.internal.reflect.NativeMethodAccessorImpl.invoke0(Native Method)&#xa;	at java.base/jdk.internal.reflect.NativeMethodAccessorImpl.invoke(NativeMethodAccessorImpl.java:77)&#xa;	at java.base/jdk.internal.reflect.DelegatingMethodAccessorImpl.invoke(DelegatingMethodAccessorImpl.java:43)&#xa;Caused by: com.kms.katalon.core.webui.exception.WebElementNotFoundException: Web element with id: 'Object Repository/Login_page/Page_QuantumTrades/input_Please enter your password' located by '//*[@id = 'signInTextPassword']' not found&#xa;	at com.kms.katalon.core.webui.common.WebUiCommonHelper.findWebElement(WebUiCommonHelper.java:1457)&#xa;	at com.kms.katalon.core.webui.keyword.internal.WebUIAbstractKeyword.findWebElement(WebUIAbstractKeyword.groovy:27)&#xa;	at com.kms.katalon.core.webui.keyword.builtin.ClickKeyword$_click_closure1.doCall(ClickKeyword.groovy:66)&#xa;	at com.kms.katalon.core.webui.keyword.builtin.ClickKeyword$_click_closure1.call(ClickKeyword.groovy)&#xa;	at com.kms.katalon.core.webui.keyword.internal.WebUIKeywordMain.runKeyword(WebUIKeywordMain.groovy:35)&#xa;	... 20 more&#xa;"/>
         <system-out><![CDATA[16-05-2025T23:27:15 - [TEST_CASE][FAILED] - Test Cases/Login_and_SignUp/Standard_Login_TC: Test Cases/Login_and_SignUp/Standard_Login_TC FAILED.
Reason:
com.kms.katalon.core.exception.StepFailedException: Unable to click on object 'Object Repository/Login_page/Page_QuantumTrades/input_Please enter your password'
	at com.kms.katalon.core.webui.keyword.internal.WebUIKeywordMain.stepFailed(WebUIKeywordMain.groovy:117)
	at com.kms.katalon.core.webui.keyword.internal.WebUIKeywordMain.runKeyword(WebUIKeywordMain.groovy:43)
	at com.kms.katalon.core.webui.keyword.builtin.ClickKeyword.click(ClickKeyword.groovy:75)
	at com.kms.katalon.core.webui.keyword.builtin.ClickKeyword.execute(ClickKeyword.groovy:40)
	at com.kms.katalon.core.keyword.internal.KeywordExecutor.executeKeywordForPlatform(KeywordExecutor.groovy:74)
	at com.kms.katalon.core.webui.keyword.WebUiBuiltInKeywords.click(WebUiBuiltInKeywords.groovy:696)
	at Standard_Login_TC.run(Standard_Login_TC:34)
	at com.kms.katalon.core.main.ScriptEngine.run(ScriptEngine.java:194)
	at com.kms.katalon.core.main.ScriptEngine.runScriptAsRawText(ScriptEngine.java:119)
	at com.kms.katalon.core.main.TestCaseExecutor.runScript(TestCaseExecutor.java:486)
	at com.kms.katalon.core.main.TestCaseExecutor.doExecute(TestCaseExecutor.java:477)
	at com.kms.katalon.core.main.TestCaseExecutor.processExecutionPhase(TestCaseExecutor.java:456)
	at com.kms.katalon.core.main.TestCaseExecutor.accessMainPhase(TestCaseExecutor.java:448)
	at com.kms.katalon.core.main.TestCaseExecutor.execute(TestCaseExecutor.java:322)
	at com.kms.katalon.core.common.CommonExecutor.accessTestCaseMainPhase(CommonExecutor.java:71)
	at com.kms.katalon.core.main.TestSuiteExecutor.accessTestSuiteMainPhase(TestSuiteExecutor.java:160)
	at com.kms.katalon.core.main.TestSuiteExecutor.execute(TestSuiteExecutor.java:107)
	at com.kms.katalon.core.main.TestCaseMain.startTestSuite(TestCaseMain.java:186)
	at TempTestSuite1747418231764.run(TempTestSuite1747418231764.groovy:35)
	at java.base/jdk.internal.reflect.NativeMethodAccessorImpl.invoke0(Native Method)
	at java.base/jdk.internal.reflect.NativeMethodAccessorImpl.invoke(NativeMethodAccessorImpl.java:77)
	at java.base/jdk.internal.reflect.DelegatingMethodAccessorImpl.invoke(DelegatingMethodAccessorImpl.java:43)
Caused by: com.kms.katalon.core.webui.exception.WebElementNotFoundException: Web element with id: 'Object Repository/Login_page/Page_QuantumTrades/input_Please enter your password' located by '//*[@id = 'signInTextPassword']' not found
	at com.kms.katalon.core.webui.common.WebUiCommonHelper.findWebElement(WebUiCommonHelper.java:1457)
	at com.kms.katalon.core.webui.keyword.internal.WebUIAbstractKeyword.findWebElement(WebUIAbstractKeyword.groovy:27)
	at com.kms.katalon.core.webui.keyword.builtin.ClickKeyword$_click_closure1.doCall(ClickKeyword.groovy:66)
	at com.kms.katalon.core.webui.keyword.builtin.ClickKeyword$_click_closure1.call(ClickKeyword.groovy)
	at com.kms.katalon.core.webui.keyword.internal.WebUIKeywordMain.runKeyword(WebUIKeywordMain.groovy:35)
	... 20 more


16-05-2025T23:27:15 - [TEST_STEP][PASSED] - Start listener action : beforeTestCase: null

16-05-2025T23:27:15 - [TEST_STEP][PASSED] - GLUE = ["common", "operations"]: null

16-05-2025T23:27:15 - [TEST_STEP][PASSED] - openBrowser(""): Browser is opened with url: ''

16-05-2025T23:27:15 - [MESSAGE][INFO] - Starting 'Chrome' driver

16-05-2025T23:27:15 - [MESSAGE][INFO] - Action delay is set to 0 milliseconds

16-05-2025T23:27:22 - [MESSAGE][PASSED] - Browser is opened with url: ''

16-05-2025T23:27:22 - [TEST_STEP][PASSED] - navigateToUrl("https://dev-portal.quantumtrades.com/"): Navigate to 'https://dev-portal.quantumtrades.com/' successfully

16-05-2025T23:27:29 - [MESSAGE][PASSED] - Navigate to 'https://dev-portal.quantumtrades.com/' successfully

16-05-2025T23:27:29 - [TEST_STEP][PASSED] - click(findTestObject("Object Repository/Login_page/Page_QuantumTrades/input_Enter your email or phone number")): Object: 'Object Repository/Login_page/Page_QuantumTrades/input_Enter your email or phone number' is clicked on

16-05-2025T23:27:29 - [MESSAGE][PASSED] - Object: 'Object Repository/Login_page/Page_QuantumTrades/input_Enter your email or phone number' is clicked on

16-05-2025T23:27:29 - [TEST_STEP][PASSED] - sendKeys(findTestObject("Object Repository/Login_page/Page_QuantumTrades/input_Enter your email or phone number"), "yashkabra30@gmail.com"): Keys 'yashkabra30@gmail.com' sent to object: 'Object Repository/Login_page/Page_QuantumTrades/input_Enter your email or phone number'

16-05-2025T23:27:30 - [MESSAGE][PASSED] - Keys 'yashkabra30@gmail.com' sent to object: 'Object Repository/Login_page/Page_QuantumTrades/input_Enter your email or phone number'

16-05-2025T23:27:30 - [TEST_STEP][PASSED] - delay(10): Delayed 10 second(s)

16-05-2025T23:27:40 - [MESSAGE][PASSED] - Delayed 10 second(s)

16-05-2025T23:27:40 - [TEST_STEP][PASSED] - click(findTestObject("Object Repository/Login_page/Page_QuantumTrades/button_signInBtnEmailContinue")): Object: 'Object Repository/Login_page/Page_QuantumTrades/button_signInBtnEmailContinue' is clicked on

16-05-2025T23:27:40 - [MESSAGE][PASSED] - Object: 'Object Repository/Login_page/Page_QuantumTrades/button_signInBtnEmailContinue' is clicked on

16-05-2025T23:27:40 - [TEST_STEP][FAILED] - click(findTestObject("Object Repository/Login_page/Page_QuantumTrades/input_Please enter your password")): Unable to click on object 'Object Repository/Login_page/Page_QuantumTrades/input_Please enter your password' (Root cause: com.kms.katalon.core.exception.StepFailedException: Unable to click on object 'Object Repository/Login_page/Page_QuantumTrades/input_Please enter your password'
	at com.kms.katalon.core.webui.keyword.internal.WebUIKeywordMain.stepFailed(WebUIKeywordMain.groovy:117)
	at com.kms.katalon.core.webui.keyword.internal.WebUIKeywordMain.runKeyword(WebUIKeywordMain.groovy:43)
	at com.kms.katalon.core.webui.keyword.builtin.ClickKeyword.click(ClickKeyword.groovy:75)
	at com.kms.katalon.core.webui.keyword.builtin.ClickKeyword.execute(ClickKeyword.groovy:40)
	at com.kms.katalon.core.keyword.internal.KeywordExecutor.executeKeywordForPlatform(KeywordExecutor.groovy:74)
	at com.kms.katalon.core.webui.keyword.WebUiBuiltInKeywords.click(WebUiBuiltInKeywords.groovy:696)
	at Standard_Login_TC.run(Standard_Login_TC:34)
	at com.kms.katalon.core.main.ScriptEngine.run(ScriptEngine.java:194)
	at com.kms.katalon.core.main.ScriptEngine.runScriptAsRawText(ScriptEngine.java:119)
	at com.kms.katalon.core.main.TestCaseExecutor.runScript(TestCaseExecutor.java:486)
	at com.kms.katalon.core.main.TestCaseExecutor.doExecute(TestCaseExecutor.java:477)
	at com.kms.katalon.core.main.TestCaseExecutor.processExecutionPhase(TestCaseExecutor.java:456)
	at com.kms.katalon.core.main.TestCaseExecutor.accessMainPhase(TestCaseExecutor.java:448)
	at com.kms.katalon.core.main.TestCaseExecutor.execute(TestCaseExecutor.java:322)
	at com.kms.katalon.core.common.CommonExecutor.accessTestCaseMainPhase(CommonExecutor.java:71)
	at com.kms.katalon.core.main.TestSuiteExecutor.accessTestSuiteMainPhase(TestSuiteExecutor.java:160)
	at com.kms.katalon.core.main.TestSuiteExecutor.execute(TestSuiteExecutor.java:107)
	at com.kms.katalon.core.main.TestCaseMain.startTestSuite(TestCaseMain.java:186)
	at TempTestSuite1747418231764.run(TempTestSuite1747418231764.groovy:35)
	at java.base/jdk.internal.reflect.NativeMethodAccessorImpl.invoke0(Native Method)
	at java.base/jdk.internal.reflect.NativeMethodAccessorImpl.invoke(NativeMethodAccessorImpl.java:77)
	at java.base/jdk.internal.reflect.DelegatingMethodAccessorImpl.invoke(DelegatingMethodAccessorImpl.java:43)
Caused by: com.kms.katalon.core.webui.exception.WebElementNotFoundException: Web element with id: 'Object Repository/Login_page/Page_QuantumTrades/input_Please enter your password' located by '//*[@id = 'signInTextPassword']' not found
	at com.kms.katalon.core.webui.common.WebUiCommonHelper.findWebElement(WebUiCommonHelper.java:1457)
	at com.kms.katalon.core.webui.keyword.internal.WebUIAbstractKeyword.findWebElement(WebUIAbstractKeyword.groovy:27)
	at com.kms.katalon.core.webui.keyword.builtin.ClickKeyword$_click_closure1.doCall(ClickKeyword.groovy:66)
	at com.kms.katalon.core.webui.keyword.builtin.ClickKeyword$_click_closure1.call(ClickKeyword.groovy)
	at com.kms.katalon.core.webui.keyword.internal.WebUIKeywordMain.runKeyword(WebUIKeywordMain.groovy:35)
	at com.kms.katalon.core.webui.keyword.builtin.ClickKeyword.click(ClickKeyword.groovy:75)
	at com.kms.katalon.core.webui.keyword.builtin.ClickKeyword.execute(ClickKeyword.groovy:40)
	at com.kms.katalon.core.keyword.internal.KeywordExecutor.executeKeywordForPlatform(KeywordExecutor.groovy:74)
	at com.kms.katalon.core.webui.keyword.WebUiBuiltInKeywords.click(WebUiBuiltInKeywords.groovy:696)
	at Script1747286951341.run(Script1747286951341.groovy:34)
	... 15 more
)

16-05-2025T23:28:12 - [MESSAGE][INFO] - Unable to find the element located by 'By.xpath: //*[@id = 'signInTextPassword']'. Please recheck the objects properties to make sure the desired element is located. 

16-05-2025T23:28:12 - [MESSAGE][FAILED] - Unable to click on object 'Object Repository/Login_page/Page_QuantumTrades/input_Please enter your password' (Root cause: com.kms.katalon.core.exception.StepFailedException: Unable to click on object 'Object Repository/Login_page/Page_QuantumTrades/input_Please enter your password'
	at com.kms.katalon.core.webui.keyword.internal.WebUIKeywordMain.stepFailed(WebUIKeywordMain.groovy:117)
	at com.kms.katalon.core.webui.keyword.internal.WebUIKeywordMain.runKeyword(WebUIKeywordMain.groovy:43)
	at com.kms.katalon.core.webui.keyword.builtin.ClickKeyword.click(ClickKeyword.groovy:75)
	at com.kms.katalon.core.webui.keyword.builtin.ClickKeyword.execute(ClickKeyword.groovy:40)
	at com.kms.katalon.core.keyword.internal.KeywordExecutor.executeKeywordForPlatform(KeywordExecutor.groovy:74)
	at com.kms.katalon.core.webui.keyword.WebUiBuiltInKeywords.click(WebUiBuiltInKeywords.groovy:696)
	at Standard_Login_TC.run(Standard_Login_TC:34)
	at com.kms.katalon.core.main.ScriptEngine.run(ScriptEngine.java:194)
	at com.kms.katalon.core.main.ScriptEngine.runScriptAsRawText(ScriptEngine.java:119)
	at com.kms.katalon.core.main.TestCaseExecutor.runScript(TestCaseExecutor.java:486)
	at com.kms.katalon.core.main.TestCaseExecutor.doExecute(TestCaseExecutor.java:477)
	at com.kms.katalon.core.main.TestCaseExecutor.processExecutionPhase(TestCaseExecutor.java:456)
	at com.kms.katalon.core.main.TestCaseExecutor.accessMainPhase(TestCaseExecutor.java:448)
	at com.kms.katalon.core.main.TestCaseExecutor.execute(TestCaseExecutor.java:322)
	at com.kms.katalon.core.common.CommonExecutor.accessTestCaseMainPhase(CommonExecutor.java:71)
	at com.kms.katalon.core.main.TestSuiteExecutor.accessTestSuiteMainPhase(TestSuiteExecutor.java:160)
	at com.kms.katalon.core.main.TestSuiteExecutor.execute(TestSuiteExecutor.java:107)
	at com.kms.katalon.core.main.TestCaseMain.startTestSuite(TestCaseMain.java:186)
	at TempTestSuite1747418231764.run(TempTestSuite1747418231764.groovy:35)
	at java.base/jdk.internal.reflect.NativeMethodAccessorImpl.invoke0(Native Method)
	at java.base/jdk.internal.reflect.NativeMethodAccessorImpl.invoke(NativeMethodAccessorImpl.java:77)
	at java.base/jdk.internal.reflect.DelegatingMethodAccessorImpl.invoke(DelegatingMethodAccessorImpl.java:43)
Caused by: com.kms.katalon.core.webui.exception.WebElementNotFoundException: Web element with id: 'Object Repository/Login_page/Page_QuantumTrades/input_Please enter your password' located by '//*[@id = 'signInTextPassword']' not found
	at com.kms.katalon.core.webui.common.WebUiCommonHelper.findWebElement(WebUiCommonHelper.java:1457)
	at com.kms.katalon.core.webui.keyword.internal.WebUIAbstractKeyword.findWebElement(WebUIAbstractKeyword.groovy:27)
	at com.kms.katalon.core.webui.keyword.builtin.ClickKeyword$_click_closure1.doCall(ClickKeyword.groovy:66)
	at com.kms.katalon.core.webui.keyword.builtin.ClickKeyword$_click_closure1.call(ClickKeyword.groovy)
	at com.kms.katalon.core.webui.keyword.internal.WebUIKeywordMain.runKeyword(WebUIKeywordMain.groovy:35)
	at com.kms.katalon.core.webui.keyword.builtin.ClickKeyword.click(ClickKeyword.groovy:75)
	at com.kms.katalon.core.webui.keyword.builtin.ClickKeyword.execute(ClickKeyword.groovy:40)
	at com.kms.katalon.core.keyword.internal.KeywordExecutor.executeKeywordForPlatform(KeywordExecutor.groovy:74)
	at com.kms.katalon.core.webui.keyword.WebUiBuiltInKeywords.click(WebUiBuiltInKeywords.groovy:696)
	at Script1747286951341.run(Script1747286951341.groovy:34)
	... 15 more
)
[[ATTACHMENT|/Users/yashkabra/Katalon Studio/Quantumtrades/Reports/20250516_232711/Phase 1/20250516_232711/1747418292133.png]]

16-05-2025T23:28:12 - [TEST_STEP][PASSED] - Start listener action : sampleAfterTestCase: Browser is closed

16-05-2025T23:28:12 - [TEST_STEP][PASSED] - closeBrowser(): Browser is closed

16-05-2025T23:28:12 - [MESSAGE][PASSED] - Browser is closed]]></system-out>
         <system-err><![CDATA[16-05-2025T23:27:15 - [TEST_CASE][FAILED] - Test Cases/Login_and_SignUp/Standard_Login_TC: Test Cases/Login_and_SignUp/Standard_Login_TC FAILED.
Reason:
com.kms.katalon.core.exception.StepFailedException: Unable to click on object 'Object Repository/Login_page/Page_QuantumTrades/input_Please enter your password'
	at com.kms.katalon.core.webui.keyword.internal.WebUIKeywordMain.stepFailed(WebUIKeywordMain.groovy:117)
	at com.kms.katalon.core.webui.keyword.internal.WebUIKeywordMain.runKeyword(WebUIKeywordMain.groovy:43)
	at com.kms.katalon.core.webui.keyword.builtin.ClickKeyword.click(ClickKeyword.groovy:75)
	at com.kms.katalon.core.webui.keyword.builtin.ClickKeyword.execute(ClickKeyword.groovy:40)
	at com.kms.katalon.core.keyword.internal.KeywordExecutor.executeKeywordForPlatform(KeywordExecutor.groovy:74)
	at com.kms.katalon.core.webui.keyword.WebUiBuiltInKeywords.click(WebUiBuiltInKeywords.groovy:696)
	at Standard_Login_TC.run(Standard_Login_TC:34)
	at com.kms.katalon.core.main.ScriptEngine.run(ScriptEngine.java:194)
	at com.kms.katalon.core.main.ScriptEngine.runScriptAsRawText(ScriptEngine.java:119)
	at com.kms.katalon.core.main.TestCaseExecutor.runScript(TestCaseExecutor.java:486)
	at com.kms.katalon.core.main.TestCaseExecutor.doExecute(TestCaseExecutor.java:477)
	at com.kms.katalon.core.main.TestCaseExecutor.processExecutionPhase(TestCaseExecutor.java:456)
	at com.kms.katalon.core.main.TestCaseExecutor.accessMainPhase(TestCaseExecutor.java:448)
	at com.kms.katalon.core.main.TestCaseExecutor.execute(TestCaseExecutor.java:322)
	at com.kms.katalon.core.common.CommonExecutor.accessTestCaseMainPhase(CommonExecutor.java:71)
	at com.kms.katalon.core.main.TestSuiteExecutor.accessTestSuiteMainPhase(TestSuiteExecutor.java:160)
	at com.kms.katalon.core.main.TestSuiteExecutor.execute(TestSuiteExecutor.java:107)
	at com.kms.katalon.core.main.TestCaseMain.startTestSuite(TestCaseMain.java:186)
	at TempTestSuite1747418231764.run(TempTestSuite1747418231764.groovy:35)
	at java.base/jdk.internal.reflect.NativeMethodAccessorImpl.invoke0(Native Method)
	at java.base/jdk.internal.reflect.NativeMethodAccessorImpl.invoke(NativeMethodAccessorImpl.java:77)
	at java.base/jdk.internal.reflect.DelegatingMethodAccessorImpl.invoke(DelegatingMethodAccessorImpl.java:43)
Caused by: com.kms.katalon.core.webui.exception.WebElementNotFoundException: Web element with id: 'Object Repository/Login_page/Page_QuantumTrades/input_Please enter your password' located by '//*[@id = 'signInTextPassword']' not found
	at com.kms.katalon.core.webui.common.WebUiCommonHelper.findWebElement(WebUiCommonHelper.java:1457)
	at com.kms.katalon.core.webui.keyword.internal.WebUIAbstractKeyword.findWebElement(WebUIAbstractKeyword.groovy:27)
	at com.kms.katalon.core.webui.keyword.builtin.ClickKeyword$_click_closure1.doCall(ClickKeyword.groovy:66)
	at com.kms.katalon.core.webui.keyword.builtin.ClickKeyword$_click_closure1.call(ClickKeyword.groovy)
	at com.kms.katalon.core.webui.keyword.internal.WebUIKeywordMain.runKeyword(WebUIKeywordMain.groovy:35)
	... 20 more]]></system-err>
      </testcase>
      <testcase name="Test Cases/Login_and_SignUp/Login_With_Valid_Email_Invalid_PWD_TC" time="50.655" classname="Test Cases/Login_and_SignUp/Login_With_Valid_Email_Invalid_PWD_TC" status="FAILED">
         <failure type="FAILED" message="Test Cases/Login_and_SignUp/Login_With_Valid_Email_Invalid_PWD_TC FAILED.&#xa;Reason:&#xa;com.kms.katalon.core.exception.StepFailedException: Unable to click on object 'Object Repository/Login_page/Page_QuantumTrades/input_Please enter your password'&#xa;	at com.kms.katalon.core.webui.keyword.internal.WebUIKeywordMain.stepFailed(WebUIKeywordMain.groovy:117)&#xa;	at com.kms.katalon.core.webui.keyword.internal.WebUIKeywordMain.runKeyword(WebUIKeywordMain.groovy:43)&#xa;	at com.kms.katalon.core.webui.keyword.builtin.ClickKeyword.click(ClickKeyword.groovy:75)&#xa;	at com.kms.katalon.core.webui.keyword.builtin.ClickKeyword.execute(ClickKeyword.groovy:40)&#xa;	at com.kms.katalon.core.keyword.internal.KeywordExecutor.executeKeywordForPlatform(KeywordExecutor.groovy:74)&#xa;	at com.kms.katalon.core.webui.keyword.WebUiBuiltInKeywords.click(WebUiBuiltInKeywords.groovy:696)&#xa;	at Login_With_Valid_Email_Invalid_PWD_TC.run(Login_With_Valid_Email_Invalid_PWD_TC:33)&#xa;	at com.kms.katalon.core.main.ScriptEngine.run(ScriptEngine.java:194)&#xa;	at com.kms.katalon.core.main.ScriptEngine.runScriptAsRawText(ScriptEngine.java:119)&#xa;	at com.kms.katalon.core.main.TestCaseExecutor.runScript(TestCaseExecutor.java:486)&#xa;	at com.kms.katalon.core.main.TestCaseExecutor.doExecute(TestCaseExecutor.java:477)&#xa;	at com.kms.katalon.core.main.TestCaseExecutor.processExecutionPhase(TestCaseExecutor.java:456)&#xa;	at com.kms.katalon.core.main.TestCaseExecutor.accessMainPhase(TestCaseExecutor.java:448)&#xa;	at com.kms.katalon.core.main.TestCaseExecutor.execute(TestCaseExecutor.java:322)&#xa;	at com.kms.katalon.core.common.CommonExecutor.accessTestCaseMainPhase(CommonExecutor.java:71)&#xa;	at com.kms.katalon.core.main.TestSuiteExecutor.accessTestSuiteMainPhase(TestSuiteExecutor.java:160)&#xa;	at com.kms.katalon.core.main.TestSuiteExecutor.execute(TestSuiteExecutor.java:107)&#xa;	at com.kms.katalon.core.main.TestCaseMain.startTestSuite(TestCaseMain.java:186)&#xa;	at TempTestSuite1747418231764.run(TempTestSuite1747418231764.groovy:35)&#xa;	at java.base/jdk.internal.reflect.NativeMethodAccessorImpl.invoke0(Native Method)&#xa;	at java.base/jdk.internal.reflect.NativeMethodAccessorImpl.invoke(NativeMethodAccessorImpl.java:77)&#xa;	at java.base/jdk.internal.reflect.DelegatingMethodAccessorImpl.invoke(DelegatingMethodAccessorImpl.java:43)&#xa;Caused by: com.kms.katalon.core.webui.exception.WebElementNotFoundException: Web element with id: 'Object Repository/Login_page/Page_QuantumTrades/input_Please enter your password' located by '//*[@id = 'signInTextPassword']' not found&#xa;	at com.kms.katalon.core.webui.common.WebUiCommonHelper.findWebElement(WebUiCommonHelper.java:1457)&#xa;	at com.kms.katalon.core.webui.keyword.internal.WebUIAbstractKeyword.findWebElement(WebUIAbstractKeyword.groovy:27)&#xa;	at com.kms.katalon.core.webui.keyword.builtin.ClickKeyword$_click_closure1.doCall(ClickKeyword.groovy:66)&#xa;	at com.kms.katalon.core.webui.keyword.builtin.ClickKeyword$_click_closure1.call(ClickKeyword.groovy)&#xa;	at com.kms.katalon.core.webui.keyword.internal.WebUIKeywordMain.runKeyword(WebUIKeywordMain.groovy:35)&#xa;	... 20 more&#xa;"/>
         <system-out><![CDATA[16-05-2025T23:28:12 - [TEST_CASE][FAILED] - Test Cases/Login_and_SignUp/Login_With_Valid_Email_Invalid_PWD_TC: Test Cases/Login_and_SignUp/Login_With_Valid_Email_Invalid_PWD_TC FAILED.
Reason:
com.kms.katalon.core.exception.StepFailedException: Unable to click on object 'Object Repository/Login_page/Page_QuantumTrades/input_Please enter your password'
	at com.kms.katalon.core.webui.keyword.internal.WebUIKeywordMain.stepFailed(WebUIKeywordMain.groovy:117)
	at com.kms.katalon.core.webui.keyword.internal.WebUIKeywordMain.runKeyword(WebUIKeywordMain.groovy:43)
	at com.kms.katalon.core.webui.keyword.builtin.ClickKeyword.click(ClickKeyword.groovy:75)
	at com.kms.katalon.core.webui.keyword.builtin.ClickKeyword.execute(ClickKeyword.groovy:40)
	at com.kms.katalon.core.keyword.internal.KeywordExecutor.executeKeywordForPlatform(KeywordExecutor.groovy:74)
	at com.kms.katalon.core.webui.keyword.WebUiBuiltInKeywords.click(WebUiBuiltInKeywords.groovy:696)
	at Login_With_Valid_Email_Invalid_PWD_TC.run(Login_With_Valid_Email_Invalid_PWD_TC:33)
	at com.kms.katalon.core.main.ScriptEngine.run(ScriptEngine.java:194)
	at com.kms.katalon.core.main.ScriptEngine.runScriptAsRawText(ScriptEngine.java:119)
	at com.kms.katalon.core.main.TestCaseExecutor.runScript(TestCaseExecutor.java:486)
	at com.kms.katalon.core.main.TestCaseExecutor.doExecute(TestCaseExecutor.java:477)
	at com.kms.katalon.core.main.TestCaseExecutor.processExecutionPhase(TestCaseExecutor.java:456)
	at com.kms.katalon.core.main.TestCaseExecutor.accessMainPhase(TestCaseExecutor.java:448)
	at com.kms.katalon.core.main.TestCaseExecutor.execute(TestCaseExecutor.java:322)
	at com.kms.katalon.core.common.CommonExecutor.accessTestCaseMainPhase(CommonExecutor.java:71)
	at com.kms.katalon.core.main.TestSuiteExecutor.accessTestSuiteMainPhase(TestSuiteExecutor.java:160)
	at com.kms.katalon.core.main.TestSuiteExecutor.execute(TestSuiteExecutor.java:107)
	at com.kms.katalon.core.main.TestCaseMain.startTestSuite(TestCaseMain.java:186)
	at TempTestSuite1747418231764.run(TempTestSuite1747418231764.groovy:35)
	at java.base/jdk.internal.reflect.NativeMethodAccessorImpl.invoke0(Native Method)
	at java.base/jdk.internal.reflect.NativeMethodAccessorImpl.invoke(NativeMethodAccessorImpl.java:77)
	at java.base/jdk.internal.reflect.DelegatingMethodAccessorImpl.invoke(DelegatingMethodAccessorImpl.java:43)
Caused by: com.kms.katalon.core.webui.exception.WebElementNotFoundException: Web element with id: 'Object Repository/Login_page/Page_QuantumTrades/input_Please enter your password' located by '//*[@id = 'signInTextPassword']' not found
	at com.kms.katalon.core.webui.common.WebUiCommonHelper.findWebElement(WebUiCommonHelper.java:1457)
	at com.kms.katalon.core.webui.keyword.internal.WebUIAbstractKeyword.findWebElement(WebUIAbstractKeyword.groovy:27)
	at com.kms.katalon.core.webui.keyword.builtin.ClickKeyword$_click_closure1.doCall(ClickKeyword.groovy:66)
	at com.kms.katalon.core.webui.keyword.builtin.ClickKeyword$_click_closure1.call(ClickKeyword.groovy)
	at com.kms.katalon.core.webui.keyword.internal.WebUIKeywordMain.runKeyword(WebUIKeywordMain.groovy:35)
	... 20 more


16-05-2025T23:28:12 - [TEST_STEP][PASSED] - Start listener action : beforeTestCase: null

16-05-2025T23:28:12 - [TEST_STEP][PASSED] - GLUE = ["common", "operations"]: null

16-05-2025T23:28:12 - [TEST_STEP][PASSED] - openBrowser(""): Browser is opened with url: ''

16-05-2025T23:28:12 - [MESSAGE][INFO] - Starting 'Chrome' driver

16-05-2025T23:28:12 - [MESSAGE][INFO] - Action delay is set to 0 milliseconds

16-05-2025T23:28:14 - [MESSAGE][PASSED] - Browser is opened with url: ''

16-05-2025T23:28:14 - [TEST_STEP][PASSED] - navigateToUrl("https://dev-portal.quantumtrades.com/"): Navigate to 'https://dev-portal.quantumtrades.com/' successfully

16-05-2025T23:28:22 - [MESSAGE][PASSED] - Navigate to 'https://dev-portal.quantumtrades.com/' successfully

16-05-2025T23:28:22 - [TEST_STEP][PASSED] - setText(findTestObject("Object Repository/Login_page/Page_QuantumTrades/input_Enter your email or phone number"), "yashkabra30@gmail.com"): Text 'yashkabra30@gmail.com' is set on object 'Object Repository/Login_page/Page_QuantumTrades/input_Enter your email or phone number'

16-05-2025T23:28:23 - [MESSAGE][PASSED] - Text 'yashkabra30@gmail.com' is set on object 'Object Repository/Login_page/Page_QuantumTrades/input_Enter your email or phone number'

16-05-2025T23:28:23 - [TEST_STEP][PASSED] - click(findTestObject("Object Repository/Login_page/Page_QuantumTrades/button_signInBtnEmailContinue")): Object: 'Object Repository/Login_page/Page_QuantumTrades/button_signInBtnEmailContinue' is clicked on

16-05-2025T23:28:23 - [MESSAGE][PASSED] - Object: 'Object Repository/Login_page/Page_QuantumTrades/button_signInBtnEmailContinue' is clicked on

16-05-2025T23:28:23 - [TEST_STEP][PASSED] - click(findTestObject("Object Repository/Login_page/Page_QuantumTrades/button_signInBtnEmailContinue")): Object: 'Object Repository/Login_page/Page_QuantumTrades/button_signInBtnEmailContinue' is clicked on

16-05-2025T23:28:28 - [MESSAGE][PASSED] - Object: 'Object Repository/Login_page/Page_QuantumTrades/button_signInBtnEmailContinue' is clicked on

16-05-2025T23:28:28 - [TEST_STEP][PASSED] - click(findTestObject("Object Repository/Login_page/Page_QuantumTrades/button_signInBtnEmailContinue")): Object: 'Object Repository/Login_page/Page_QuantumTrades/button_signInBtnEmailContinue' is clicked on

16-05-2025T23:28:30 - [MESSAGE][PASSED] - Object: 'Object Repository/Login_page/Page_QuantumTrades/button_signInBtnEmailContinue' is clicked on

16-05-2025T23:28:30 - [TEST_STEP][FAILED] - click(findTestObject("Object Repository/Login_page/Page_QuantumTrades/input_Please enter your password")): Unable to click on object 'Object Repository/Login_page/Page_QuantumTrades/input_Please enter your password' (Root cause: com.kms.katalon.core.exception.StepFailedException: Unable to click on object 'Object Repository/Login_page/Page_QuantumTrades/input_Please enter your password'
	at com.kms.katalon.core.webui.keyword.internal.WebUIKeywordMain.stepFailed(WebUIKeywordMain.groovy:117)
	at com.kms.katalon.core.webui.keyword.internal.WebUIKeywordMain.runKeyword(WebUIKeywordMain.groovy:43)
	at com.kms.katalon.core.webui.keyword.builtin.ClickKeyword.click(ClickKeyword.groovy:75)
	at com.kms.katalon.core.webui.keyword.builtin.ClickKeyword.execute(ClickKeyword.groovy:40)
	at com.kms.katalon.core.keyword.internal.KeywordExecutor.executeKeywordForPlatform(KeywordExecutor.groovy:74)
	at com.kms.katalon.core.webui.keyword.WebUiBuiltInKeywords.click(WebUiBuiltInKeywords.groovy:696)
	at Login_With_Valid_Email_Invalid_PWD_TC.run(Login_With_Valid_Email_Invalid_PWD_TC:33)
	at com.kms.katalon.core.main.ScriptEngine.run(ScriptEngine.java:194)
	at com.kms.katalon.core.main.ScriptEngine.runScriptAsRawText(ScriptEngine.java:119)
	at com.kms.katalon.core.main.TestCaseExecutor.runScript(TestCaseExecutor.java:486)
	at com.kms.katalon.core.main.TestCaseExecutor.doExecute(TestCaseExecutor.java:477)
	at com.kms.katalon.core.main.TestCaseExecutor.processExecutionPhase(TestCaseExecutor.java:456)
	at com.kms.katalon.core.main.TestCaseExecutor.accessMainPhase(TestCaseExecutor.java:448)
	at com.kms.katalon.core.main.TestCaseExecutor.execute(TestCaseExecutor.java:322)
	at com.kms.katalon.core.common.CommonExecutor.accessTestCaseMainPhase(CommonExecutor.java:71)
	at com.kms.katalon.core.main.TestSuiteExecutor.accessTestSuiteMainPhase(TestSuiteExecutor.java:160)
	at com.kms.katalon.core.main.TestSuiteExecutor.execute(TestSuiteExecutor.java:107)
	at com.kms.katalon.core.main.TestCaseMain.startTestSuite(TestCaseMain.java:186)
	at TempTestSuite1747418231764.run(TempTestSuite1747418231764.groovy:35)
	at java.base/jdk.internal.reflect.NativeMethodAccessorImpl.invoke0(Native Method)
	at java.base/jdk.internal.reflect.NativeMethodAccessorImpl.invoke(NativeMethodAccessorImpl.java:77)
	at java.base/jdk.internal.reflect.DelegatingMethodAccessorImpl.invoke(DelegatingMethodAccessorImpl.java:43)
Caused by: com.kms.katalon.core.webui.exception.WebElementNotFoundException: Web element with id: 'Object Repository/Login_page/Page_QuantumTrades/input_Please enter your password' located by '//*[@id = 'signInTextPassword']' not found
	at com.kms.katalon.core.webui.common.WebUiCommonHelper.findWebElement(WebUiCommonHelper.java:1457)
	at com.kms.katalon.core.webui.keyword.internal.WebUIAbstractKeyword.findWebElement(WebUIAbstractKeyword.groovy:27)
	at com.kms.katalon.core.webui.keyword.builtin.ClickKeyword$_click_closure1.doCall(ClickKeyword.groovy:66)
	at com.kms.katalon.core.webui.keyword.builtin.ClickKeyword$_click_closure1.call(ClickKeyword.groovy)
	at com.kms.katalon.core.webui.keyword.internal.WebUIKeywordMain.runKeyword(WebUIKeywordMain.groovy:35)
	at com.kms.katalon.core.webui.keyword.builtin.ClickKeyword.click(ClickKeyword.groovy:75)
	at com.kms.katalon.core.webui.keyword.builtin.ClickKeyword.execute(ClickKeyword.groovy:40)
	at com.kms.katalon.core.keyword.internal.KeywordExecutor.executeKeywordForPlatform(KeywordExecutor.groovy:74)
	at com.kms.katalon.core.webui.keyword.WebUiBuiltInKeywords.click(WebUiBuiltInKeywords.groovy:696)
	at Script1747398947402.run(Script1747398947402.groovy:33)
	... 15 more
)

16-05-2025T23:29:02 - [MESSAGE][INFO] - Unable to find the element located by 'By.xpath: //*[@id = 'signInTextPassword']'. Please recheck the objects properties to make sure the desired element is located. 

16-05-2025T23:29:03 - [MESSAGE][FAILED] - Unable to click on object 'Object Repository/Login_page/Page_QuantumTrades/input_Please enter your password' (Root cause: com.kms.katalon.core.exception.StepFailedException: Unable to click on object 'Object Repository/Login_page/Page_QuantumTrades/input_Please enter your password'
	at com.kms.katalon.core.webui.keyword.internal.WebUIKeywordMain.stepFailed(WebUIKeywordMain.groovy:117)
	at com.kms.katalon.core.webui.keyword.internal.WebUIKeywordMain.runKeyword(WebUIKeywordMain.groovy:43)
	at com.kms.katalon.core.webui.keyword.builtin.ClickKeyword.click(ClickKeyword.groovy:75)
	at com.kms.katalon.core.webui.keyword.builtin.ClickKeyword.execute(ClickKeyword.groovy:40)
	at com.kms.katalon.core.keyword.internal.KeywordExecutor.executeKeywordForPlatform(KeywordExecutor.groovy:74)
	at com.kms.katalon.core.webui.keyword.WebUiBuiltInKeywords.click(WebUiBuiltInKeywords.groovy:696)
	at Login_With_Valid_Email_Invalid_PWD_TC.run(Login_With_Valid_Email_Invalid_PWD_TC:33)
	at com.kms.katalon.core.main.ScriptEngine.run(ScriptEngine.java:194)
	at com.kms.katalon.core.main.ScriptEngine.runScriptAsRawText(ScriptEngine.java:119)
	at com.kms.katalon.core.main.TestCaseExecutor.runScript(TestCaseExecutor.java:486)
	at com.kms.katalon.core.main.TestCaseExecutor.doExecute(TestCaseExecutor.java:477)
	at com.kms.katalon.core.main.TestCaseExecutor.processExecutionPhase(TestCaseExecutor.java:456)
	at com.kms.katalon.core.main.TestCaseExecutor.accessMainPhase(TestCaseExecutor.java:448)
	at com.kms.katalon.core.main.TestCaseExecutor.execute(TestCaseExecutor.java:322)
	at com.kms.katalon.core.common.CommonExecutor.accessTestCaseMainPhase(CommonExecutor.java:71)
	at com.kms.katalon.core.main.TestSuiteExecutor.accessTestSuiteMainPhase(TestSuiteExecutor.java:160)
	at com.kms.katalon.core.main.TestSuiteExecutor.execute(TestSuiteExecutor.java:107)
	at com.kms.katalon.core.main.TestCaseMain.startTestSuite(TestCaseMain.java:186)
	at TempTestSuite1747418231764.run(TempTestSuite1747418231764.groovy:35)
	at java.base/jdk.internal.reflect.NativeMethodAccessorImpl.invoke0(Native Method)
	at java.base/jdk.internal.reflect.NativeMethodAccessorImpl.invoke(NativeMethodAccessorImpl.java:77)
	at java.base/jdk.internal.reflect.DelegatingMethodAccessorImpl.invoke(DelegatingMethodAccessorImpl.java:43)
Caused by: com.kms.katalon.core.webui.exception.WebElementNotFoundException: Web element with id: 'Object Repository/Login_page/Page_QuantumTrades/input_Please enter your password' located by '//*[@id = 'signInTextPassword']' not found
	at com.kms.katalon.core.webui.common.WebUiCommonHelper.findWebElement(WebUiCommonHelper.java:1457)
	at com.kms.katalon.core.webui.keyword.internal.WebUIAbstractKeyword.findWebElement(WebUIAbstractKeyword.groovy:27)
	at com.kms.katalon.core.webui.keyword.builtin.ClickKeyword$_click_closure1.doCall(ClickKeyword.groovy:66)
	at com.kms.katalon.core.webui.keyword.builtin.ClickKeyword$_click_closure1.call(ClickKeyword.groovy)
	at com.kms.katalon.core.webui.keyword.internal.WebUIKeywordMain.runKeyword(WebUIKeywordMain.groovy:35)
	at com.kms.katalon.core.webui.keyword.builtin.ClickKeyword.click(ClickKeyword.groovy:75)
	at com.kms.katalon.core.webui.keyword.builtin.ClickKeyword.execute(ClickKeyword.groovy:40)
	at com.kms.katalon.core.keyword.internal.KeywordExecutor.executeKeywordForPlatform(KeywordExecutor.groovy:74)
	at com.kms.katalon.core.webui.keyword.WebUiBuiltInKeywords.click(WebUiBuiltInKeywords.groovy:696)
	at Script1747398947402.run(Script1747398947402.groovy:33)
	... 15 more
)
[[ATTACHMENT|/Users/yashkabra/Katalon Studio/Quantumtrades/Reports/20250516_232711/Phase 1/20250516_232711/1747418342789.png]]

16-05-2025T23:29:03 - [TEST_STEP][PASSED] - Start listener action : sampleAfterTestCase: Browser is closed

16-05-2025T23:29:03 - [TEST_STEP][PASSED] - closeBrowser(): Browser is closed

16-05-2025T23:29:03 - [MESSAGE][PASSED] - Browser is closed]]></system-out>
         <system-err><![CDATA[16-05-2025T23:28:12 - [TEST_CASE][FAILED] - Test Cases/Login_and_SignUp/Login_With_Valid_Email_Invalid_PWD_TC: Test Cases/Login_and_SignUp/Login_With_Valid_Email_Invalid_PWD_TC FAILED.
Reason:
com.kms.katalon.core.exception.StepFailedException: Unable to click on object 'Object Repository/Login_page/Page_QuantumTrades/input_Please enter your password'
	at com.kms.katalon.core.webui.keyword.internal.WebUIKeywordMain.stepFailed(WebUIKeywordMain.groovy:117)
	at com.kms.katalon.core.webui.keyword.internal.WebUIKeywordMain.runKeyword(WebUIKeywordMain.groovy:43)
	at com.kms.katalon.core.webui.keyword.builtin.ClickKeyword.click(ClickKeyword.groovy:75)
	at com.kms.katalon.core.webui.keyword.builtin.ClickKeyword.execute(ClickKeyword.groovy:40)
	at com.kms.katalon.core.keyword.internal.KeywordExecutor.executeKeywordForPlatform(KeywordExecutor.groovy:74)
	at com.kms.katalon.core.webui.keyword.WebUiBuiltInKeywords.click(WebUiBuiltInKeywords.groovy:696)
	at Login_With_Valid_Email_Invalid_PWD_TC.run(Login_With_Valid_Email_Invalid_PWD_TC:33)
	at com.kms.katalon.core.main.ScriptEngine.run(ScriptEngine.java:194)
	at com.kms.katalon.core.main.ScriptEngine.runScriptAsRawText(ScriptEngine.java:119)
	at com.kms.katalon.core.main.TestCaseExecutor.runScript(TestCaseExecutor.java:486)
	at com.kms.katalon.core.main.TestCaseExecutor.doExecute(TestCaseExecutor.java:477)
	at com.kms.katalon.core.main.TestCaseExecutor.processExecutionPhase(TestCaseExecutor.java:456)
	at com.kms.katalon.core.main.TestCaseExecutor.accessMainPhase(TestCaseExecutor.java:448)
	at com.kms.katalon.core.main.TestCaseExecutor.execute(TestCaseExecutor.java:322)
	at com.kms.katalon.core.common.CommonExecutor.accessTestCaseMainPhase(CommonExecutor.java:71)
	at com.kms.katalon.core.main.TestSuiteExecutor.accessTestSuiteMainPhase(TestSuiteExecutor.java:160)
	at com.kms.katalon.core.main.TestSuiteExecutor.execute(TestSuiteExecutor.java:107)
	at com.kms.katalon.core.main.TestCaseMain.startTestSuite(TestCaseMain.java:186)
	at TempTestSuite1747418231764.run(TempTestSuite1747418231764.groovy:35)
	at java.base/jdk.internal.reflect.NativeMethodAccessorImpl.invoke0(Native Method)
	at java.base/jdk.internal.reflect.NativeMethodAccessorImpl.invoke(NativeMethodAccessorImpl.java:77)
	at java.base/jdk.internal.reflect.DelegatingMethodAccessorImpl.invoke(DelegatingMethodAccessorImpl.java:43)
Caused by: com.kms.katalon.core.webui.exception.WebElementNotFoundException: Web element with id: 'Object Repository/Login_page/Page_QuantumTrades/input_Please enter your password' located by '//*[@id = 'signInTextPassword']' not found
	at com.kms.katalon.core.webui.common.WebUiCommonHelper.findWebElement(WebUiCommonHelper.java:1457)
	at com.kms.katalon.core.webui.keyword.internal.WebUIAbstractKeyword.findWebElement(WebUIAbstractKeyword.groovy:27)
	at com.kms.katalon.core.webui.keyword.builtin.ClickKeyword$_click_closure1.doCall(ClickKeyword.groovy:66)
	at com.kms.katalon.core.webui.keyword.builtin.ClickKeyword$_click_closure1.call(ClickKeyword.groovy)
	at com.kms.katalon.core.webui.keyword.internal.WebUIKeywordMain.runKeyword(WebUIKeywordMain.groovy:35)
	... 20 more]]></system-err>
      </testcase>
      <testcase name="Test Cases/Login_and_SignUp/Login_With_Invalid_Email_TC" time="14.722" classname="Test Cases/Login_and_SignUp/Login_With_Invalid_Email_TC" status="PASSED">
         <system-out><![CDATA[16-05-2025T23:29:03 - [TEST_CASE][PASSED] - Test Cases/Login_and_SignUp/Login_With_Invalid_Email_TC: Test Cases/Login_and_SignUp/Login_With_Invalid_Email_TC

16-05-2025T23:29:03 - [TEST_STEP][PASSED] - Start listener action : beforeTestCase: null

16-05-2025T23:29:03 - [TEST_STEP][PASSED] - GLUE = ["common", "operations"]: null

16-05-2025T23:29:03 - [TEST_STEP][PASSED] - openBrowser(""): Browser is opened with url: ''

16-05-2025T23:29:03 - [MESSAGE][INFO] - Starting 'Chrome' driver

16-05-2025T23:29:03 - [MESSAGE][INFO] - Action delay is set to 0 milliseconds

16-05-2025T23:29:04 - [MESSAGE][PASSED] - Browser is opened with url: ''

16-05-2025T23:29:04 - [TEST_STEP][PASSED] - navigateToUrl("https://dev-portal.quantumtrades.com/"): Navigate to 'https://dev-portal.quantumtrades.com/' successfully

16-05-2025T23:29:12 - [MESSAGE][PASSED] - Navigate to 'https://dev-portal.quantumtrades.com/' successfully

16-05-2025T23:29:12 - [TEST_STEP][PASSED] - setText(findTestObject("Object Repository/Login_page/Page_QuantumTrades/input_Enter your email or phone number"), "test@test.com"): Text 'test@test.com' is set on object 'Object Repository/Login_page/Page_QuantumTrades/input_Enter your email or phone number'

16-05-2025T23:29:13 - [MESSAGE][PASSED] - Text 'test@test.com' is set on object 'Object Repository/Login_page/Page_QuantumTrades/input_Enter your email or phone number'

16-05-2025T23:29:13 - [TEST_STEP][PASSED] - click(findTestObject("Object Repository/Login_page/Page_QuantumTrades/button_signInBtnEmailContinue")): Object: 'Object Repository/Login_page/Page_QuantumTrades/button_signInBtnEmailContinue' is clicked on

16-05-2025T23:29:13 - [MESSAGE][PASSED] - Object: 'Object Repository/Login_page/Page_QuantumTrades/button_signInBtnEmailContinue' is clicked on

16-05-2025T23:29:13 - [TEST_STEP][PASSED] - click(findTestObject("Object Repository/Login_page/Page_QuantumTrades/p_User doesnt exist for the entered email")): Object: 'Object Repository/Login_page/Page_QuantumTrades/p_User doesnt exist for the entered email' is clicked on

16-05-2025T23:29:17 - [MESSAGE][PASSED] - Object: 'Object Repository/Login_page/Page_QuantumTrades/p_User doesnt exist for the entered email' is clicked on

16-05-2025T23:29:17 - [TEST_STEP][PASSED] - closeBrowser(): Browser is closed

16-05-2025T23:29:18 - [MESSAGE][PASSED] - Browser is closed

16-05-2025T23:29:18 - [TEST_STEP][PASSED] - Start listener action : sampleAfterTestCase: Browser is closed

16-05-2025T23:29:18 - [TEST_STEP][PASSED] - closeBrowser(): Browser is closed

16-05-2025T23:29:18 - [MESSAGE][PASSED] - Browser is closed]]></system-out>
         <system-err><![CDATA[]]></system-err>
      </testcase>
      <system-out><![CDATA[16-05-2025T23:27:15 - [TEST_STEP][PASSED] - Start listener action : beforeTestSuite: null

16-05-2025T23:27:15 - [TEST_STEP][PASSED] - startTime = System.currentTimeMillis(): null

16-05-2025T23:27:15 - [TEST_SUITE][FAILED] - Phase 1: Test Cases/Login_and_SignUp/Standard_Login_TC FAILED.
Reason:
com.kms.katalon.core.exception.StepFailedException: Unable to click on object 'Object Repository/Login_page/Page_QuantumTrades/input_Please enter your password'
	at com.kms.katalon.core.webui.keyword.internal.WebUIKeywordMain.stepFailed(WebUIKeywordMain.groovy:117)
	at com.kms.katalon.core.webui.keyword.internal.WebUIKeywordMain.runKeyword(WebUIKeywordMain.groovy:43)
	at com.kms.katalon.core.webui.keyword.builtin.ClickKeyword.click(ClickKeyword.groovy:75)
	at com.kms.katalon.core.webui.keyword.builtin.ClickKeyword.execute(ClickKeyword.groovy:40)
	at com.kms.katalon.core.keyword.internal.KeywordExecutor.executeKeywordForPlatform(KeywordExecutor.groovy:74)
	at com.kms.katalon.core.webui.keyword.WebUiBuiltInKeywords.click(WebUiBuiltInKeywords.groovy:696)
	at Standard_Login_TC.run(Standard_Login_TC:34)
	at com.kms.katalon.core.main.ScriptEngine.run(ScriptEngine.java:194)
	at com.kms.katalon.core.main.ScriptEngine.runScriptAsRawText(ScriptEngine.java:119)
	at com.kms.katalon.core.main.TestCaseExecutor.runScript(TestCaseExecutor.java:486)
	at com.kms.katalon.core.main.TestCaseExecutor.doExecute(TestCaseExecutor.java:477)
	at com.kms.katalon.core.main.TestCaseExecutor.processExecutionPhase(TestCaseExecutor.java:456)
	at com.kms.katalon.core.main.TestCaseExecutor.accessMainPhase(TestCaseExecutor.java:448)
	at com.kms.katalon.core.main.TestCaseExecutor.execute(TestCaseExecutor.java:322)
	at com.kms.katalon.core.common.CommonExecutor.accessTestCaseMainPhase(CommonExecutor.java:71)
	at com.kms.katalon.core.main.TestSuiteExecutor.accessTestSuiteMainPhase(TestSuiteExecutor.java:160)
	at com.kms.katalon.core.main.TestSuiteExecutor.execute(TestSuiteExecutor.java:107)
	at com.kms.katalon.core.main.TestCaseMain.startTestSuite(TestCaseMain.java:186)
	at TempTestSuite1747418231764.run(TempTestSuite1747418231764.groovy:35)
	at java.base/jdk.internal.reflect.NativeMethodAccessorImpl.invoke0(Native Method)
	at java.base/jdk.internal.reflect.NativeMethodAccessorImpl.invoke(NativeMethodAccessorImpl.java:77)
	at java.base/jdk.internal.reflect.DelegatingMethodAccessorImpl.invoke(DelegatingMethodAccessorImpl.java:43)
Caused by: com.kms.katalon.core.webui.exception.WebElementNotFoundException: Web element with id: 'Object Repository/Login_page/Page_QuantumTrades/input_Please enter your password' located by '//*[@id = 'signInTextPassword']' not found
	at com.kms.katalon.core.webui.common.WebUiCommonHelper.findWebElement(WebUiCommonHelper.java:1457)
	at com.kms.katalon.core.webui.keyword.internal.WebUIAbstractKeyword.findWebElement(WebUIAbstractKeyword.groovy:27)
	at com.kms.katalon.core.webui.keyword.builtin.ClickKeyword$_click_closure1.doCall(ClickKeyword.groovy:66)
	at com.kms.katalon.core.webui.keyword.builtin.ClickKeyword$_click_closure1.call(ClickKeyword.groovy)
	at com.kms.katalon.core.webui.keyword.internal.WebUIKeywordMain.runKeyword(WebUIKeywordMain.groovy:35)
	... 20 more

16-05-2025T23:29:18 - [TEST_STEP][ERROR] - Start listener action : afterTestSuite: org.codehaus.groovy.runtime.InvokerInvocationException: groovy.lang.MissingMethodException: No signature of method: custom.DiscordNotifier.sendDiscordEmbedMessage() is applicable for argument types: (String, String, String, String) values: [Test Suites/Phase 1, COMPLETE, 122 seconds, /Users/yashkabra/Katalon Studio/Quantumtrades/Reports/20250516_232918/Test Suites/Phase 1/20250516_232918]
Possible solutions: sendDiscordEmbedMessage(java.lang.String, java.lang.String, java.lang.String, java.lang.String, int, int, int, int)
	at com.kms.katalon.core.context.internal.TestHooker.invokeMethod(TestHooker.java:111)
	at com.kms.katalon.core.context.internal.TestHooker.lambda$3(TestHooker.java:95)
	at com.kms.katalon.core.context.internal.TestHooker.invokeContextMethods(TestHooker.java:94)
	at com.kms.katalon.core.context.internal.TestListenerCollector.lambda$3(TestListenerCollector.java:88)
	at com.kms.katalon.core.context.internal.TestListenerCollector.handleListenerEvent(TestListenerCollector.java:85)
	at com.kms.katalon.core.context.internal.ExecutionEventManager.publicEvent(ExecutionEventManager.java:36)
	at com.kms.katalon.core.main.TestSuiteExecutor.executeListenerAfterTestSuite(TestSuiteExecutor.java:133)
	at com.kms.katalon.core.main.TestSuiteExecutor.execute(TestSuiteExecutor.java:111)
	at com.kms.katalon.core.main.TestCaseMain.startTestSuite(TestCaseMain.java:186)
	at TempTestSuite1747418231764.run(TempTestSuite1747418231764.groovy:35)
	at java.base/jdk.internal.reflect.NativeMethodAccessorImpl.invoke0(Native Method)
	at java.base/jdk.internal.reflect.NativeMethodAccessorImpl.invoke(NativeMethodAccessorImpl.java:77)
	at java.base/jdk.internal.reflect.DelegatingMethodAccessorImpl.invoke(DelegatingMethodAccessorImpl.java:43)
Caused by: groovy.lang.MissingMethodException: No signature of method: custom.DiscordNotifier.sendDiscordEmbedMessage() is applicable for argument types: (String, String, String, String) values: [Test Suites/Phase 1, COMPLETE, 122 seconds, /Users/yashkabra/Katalon Studio/Quantumtrades/Reports/20250516_232918/Test Suites/Phase 1/20250516_232918]
Possible solutions: sendDiscordEmbedMessage(java.lang.String, java.lang.String, java.lang.String, java.lang.String, int, int, int, int)
	at TestListener.afterTestSuite(TestListener.groovy:48)
	at java.base/jdk.internal.reflect.NativeMethodAccessorImpl.invoke0(Native Method)
	at java.base/jdk.internal.reflect.NativeMethodAccessorImpl.invoke(NativeMethodAccessorImpl.java:77)
	at java.base/jdk.internal.reflect.DelegatingMethodAccessorImpl.invoke(DelegatingMethodAccessorImpl.java:43)
	... 13 more


16-05-2025T23:29:18 - [TEST_STEP][PASSED] - endTime = System.currentTimeMillis(): null

16-05-2025T23:29:18 - [TEST_STEP][PASSED] - durationMillis = endTime - startTime: null

16-05-2025T23:29:18 - [TEST_STEP][PASSED] - durationSecs = durationMillis / 1000: null

16-05-2025T23:29:18 - [TEST_STEP][PASSED] - suiteName = testSuiteContext.getTestSuiteId(): null

16-05-2025T23:29:18 - [TEST_STEP][PASSED] - status = testSuiteContext.getStatus(): null

16-05-2025T23:29:18 - [TEST_STEP][PASSED] - duration = $durationSecs seconds: null

16-05-2025T23:29:18 - [TEST_STEP][PASSED] - date = new java.util.Date(): null

16-05-2025T23:29:18 - [TEST_STEP][PASSED] - dateFormat = new java.text.SimpleDateFormat(yyyyMMdd_HHmmss): null

16-05-2025T23:29:18 - [TEST_STEP][PASSED] - timestamp = dateFormat.format(date): null

16-05-2025T23:29:18 - [TEST_STEP][PASSED] - projectDir = System.getProperty("user.dir"): null

16-05-2025T23:29:18 - [TEST_STEP][PASSED] - reportPath = $projectDir/Reports/$timestamp/$suiteName/$timestamp: null

16-05-2025T23:29:18 - [TEST_STEP][PASSED] - reportDir = new java.io.File(reportPath): null

16-05-2025T23:29:18 - [TEST_STEP][PASSED] - pdfFile = listFiles().find({ -> ... }): null

16-05-2025T23:29:18 - [TEST_STEP][ERROR] - DiscordNotifier().sendDiscordEmbedMessage(suiteName, status, duration, (pdfFile?.absolutePath) ? pdfFile?.absolutePath : reportPath): org.codehaus.groovy.runtime.InvokerInvocationException: groovy.lang.MissingMethodException: No signature of method: custom.DiscordNotifier.sendDiscordEmbedMessage() is applicable for argument types: (String, String, String, String) values: [Test Suites/Phase 1, COMPLETE, 122 seconds, /Users/yashkabra/Katalon Studio/Quantumtrades/Reports/20250516_232918/Test Suites/Phase 1/20250516_232918]
Possible solutions: sendDiscordEmbedMessage(java.lang.String, java.lang.String, java.lang.String, java.lang.String, int, int, int, int)
	at com.kms.katalon.core.context.internal.TestHooker.invokeMethod(TestHooker.java:111)
	at com.kms.katalon.core.context.internal.TestHooker.lambda$3(TestHooker.java:95)
	at com.kms.katalon.core.context.internal.TestHooker.invokeContextMethods(TestHooker.java:94)
	at com.kms.katalon.core.context.internal.TestListenerCollector.lambda$3(TestListenerCollector.java:88)
	at com.kms.katalon.core.context.internal.TestListenerCollector.handleListenerEvent(TestListenerCollector.java:85)
	at com.kms.katalon.core.context.internal.ExecutionEventManager.publicEvent(ExecutionEventManager.java:36)
	at com.kms.katalon.core.main.TestSuiteExecutor.executeListenerAfterTestSuite(TestSuiteExecutor.java:133)
	at com.kms.katalon.core.main.TestSuiteExecutor.execute(TestSuiteExecutor.java:111)
	at com.kms.katalon.core.main.TestCaseMain.startTestSuite(TestCaseMain.java:186)
	at TempTestSuite1747418231764.run(TempTestSuite1747418231764.groovy:35)
	at java.base/jdk.internal.reflect.NativeMethodAccessorImpl.invoke0(Native Method)
	at java.base/jdk.internal.reflect.NativeMethodAccessorImpl.invoke(NativeMethodAccessorImpl.java:77)
	at java.base/jdk.internal.reflect.DelegatingMethodAccessorImpl.invoke(DelegatingMethodAccessorImpl.java:43)
Caused by: groovy.lang.MissingMethodException: No signature of method: custom.DiscordNotifier.sendDiscordEmbedMessage() is applicable for argument types: (String, String, String, String) values: [Test Suites/Phase 1, COMPLETE, 122 seconds, /Users/yashkabra/Katalon Studio/Quantumtrades/Reports/20250516_232918/Test Suites/Phase 1/20250516_232918]
Possible solutions: sendDiscordEmbedMessage(java.lang.String, java.lang.String, java.lang.String, java.lang.String, int, int, int, int)
	at TestListener.afterTestSuite(TestListener.groovy:48)
	at java.base/jdk.internal.reflect.NativeMethodAccessorImpl.invoke0(Native Method)
	at java.base/jdk.internal.reflect.NativeMethodAccessorImpl.invoke(NativeMethodAccessorImpl.java:77)
	at java.base/jdk.internal.reflect.DelegatingMethodAccessorImpl.invoke(DelegatingMethodAccessorImpl.java:43)
	... 13 more


16-05-2025T23:29:18 - [MESSAGE][ERROR] - org.codehaus.groovy.runtime.InvokerInvocationException: groovy.lang.MissingMethodException: No signature of method: custom.DiscordNotifier.sendDiscordEmbedMessage() is applicable for argument types: (String, String, String, String) values: [Test Suites/Phase 1, COMPLETE, 122 seconds, /Users/yashkabra/Katalon Studio/Quantumtrades/Reports/20250516_232918/Test Suites/Phase 1/20250516_232918]
Possible solutions: sendDiscordEmbedMessage(java.lang.String, java.lang.String, java.lang.String, java.lang.String, int, int, int, int)
	at com.kms.katalon.core.context.internal.TestHooker.invokeMethod(TestHooker.java:111)
	at com.kms.katalon.core.context.internal.TestHooker.lambda$3(TestHooker.java:95)
	at com.kms.katalon.core.context.internal.TestHooker.invokeContextMethods(TestHooker.java:94)
	at com.kms.katalon.core.context.internal.TestListenerCollector.lambda$3(TestListenerCollector.java:88)
	at com.kms.katalon.core.context.internal.TestListenerCollector.handleListenerEvent(TestListenerCollector.java:85)
	at com.kms.katalon.core.context.internal.ExecutionEventManager.publicEvent(ExecutionEventManager.java:36)
	at com.kms.katalon.core.main.TestSuiteExecutor.executeListenerAfterTestSuite(TestSuiteExecutor.java:133)
	at com.kms.katalon.core.main.TestSuiteExecutor.execute(TestSuiteExecutor.java:111)
	at com.kms.katalon.core.main.TestCaseMain.startTestSuite(TestCaseMain.java:186)
	at TempTestSuite1747418231764.run(TempTestSuite1747418231764.groovy:35)
	at java.base/jdk.internal.reflect.NativeMethodAccessorImpl.invoke0(Native Method)
	at java.base/jdk.internal.reflect.NativeMethodAccessorImpl.invoke(NativeMethodAccessorImpl.java:77)
	at java.base/jdk.internal.reflect.DelegatingMethodAccessorImpl.invoke(DelegatingMethodAccessorImpl.java:43)
Caused by: groovy.lang.MissingMethodException: No signature of method: custom.DiscordNotifier.sendDiscordEmbedMessage() is applicable for argument types: (String, String, String, String) values: [Test Suites/Phase 1, COMPLETE, 122 seconds, /Users/yashkabra/Katalon Studio/Quantumtrades/Reports/20250516_232918/Test Suites/Phase 1/20250516_232918]
Possible solutions: sendDiscordEmbedMessage(java.lang.String, java.lang.String, java.lang.String, java.lang.String, int, int, int, int)
	at TestListener.afterTestSuite(TestListener.groovy:48)
	at java.base/jdk.internal.reflect.NativeMethodAccessorImpl.invoke0(Native Method)
	at java.base/jdk.internal.reflect.NativeMethodAccessorImpl.invoke(NativeMethodAccessorImpl.java:77)
	at java.base/jdk.internal.reflect.DelegatingMethodAccessorImpl.invoke(DelegatingMethodAccessorImpl.java:43)
	... 13 more]]></system-out>
      <system-err><![CDATA[16-05-2025T23:27:15 - [TEST_SUITE][FAILED] - Phase 1: Test Cases/Login_and_SignUp/Standard_Login_TC FAILED.
Reason:
com.kms.katalon.core.exception.StepFailedException: Unable to click on object 'Object Repository/Login_page/Page_QuantumTrades/input_Please enter your password'
	at com.kms.katalon.core.webui.keyword.internal.WebUIKeywordMain.stepFailed(WebUIKeywordMain.groovy:117)
	at com.kms.katalon.core.webui.keyword.internal.WebUIKeywordMain.runKeyword(WebUIKeywordMain.groovy:43)
	at com.kms.katalon.core.webui.keyword.builtin.ClickKeyword.click(ClickKeyword.groovy:75)
	at com.kms.katalon.core.webui.keyword.builtin.ClickKeyword.execute(ClickKeyword.groovy:40)
	at com.kms.katalon.core.keyword.internal.KeywordExecutor.executeKeywordForPlatform(KeywordExecutor.groovy:74)
	at com.kms.katalon.core.webui.keyword.WebUiBuiltInKeywords.click(WebUiBuiltInKeywords.groovy:696)
	at Standard_Login_TC.run(Standard_Login_TC:34)
	at com.kms.katalon.core.main.ScriptEngine.run(ScriptEngine.java:194)
	at com.kms.katalon.core.main.ScriptEngine.runScriptAsRawText(ScriptEngine.java:119)
	at com.kms.katalon.core.main.TestCaseExecutor.runScript(TestCaseExecutor.java:486)
	at com.kms.katalon.core.main.TestCaseExecutor.doExecute(TestCaseExecutor.java:477)
	at com.kms.katalon.core.main.TestCaseExecutor.processExecutionPhase(TestCaseExecutor.java:456)
	at com.kms.katalon.core.main.TestCaseExecutor.accessMainPhase(TestCaseExecutor.java:448)
	at com.kms.katalon.core.main.TestCaseExecutor.execute(TestCaseExecutor.java:322)
	at com.kms.katalon.core.common.CommonExecutor.accessTestCaseMainPhase(CommonExecutor.java:71)
	at com.kms.katalon.core.main.TestSuiteExecutor.accessTestSuiteMainPhase(TestSuiteExecutor.java:160)
	at com.kms.katalon.core.main.TestSuiteExecutor.execute(TestSuiteExecutor.java:107)
	at com.kms.katalon.core.main.TestCaseMain.startTestSuite(TestCaseMain.java:186)
	at TempTestSuite1747418231764.run(TempTestSuite1747418231764.groovy:35)
	at java.base/jdk.internal.reflect.NativeMethodAccessorImpl.invoke0(Native Method)
	at java.base/jdk.internal.reflect.NativeMethodAccessorImpl.invoke(NativeMethodAccessorImpl.java:77)
	at java.base/jdk.internal.reflect.DelegatingMethodAccessorImpl.invoke(DelegatingMethodAccessorImpl.java:43)
Caused by: com.kms.katalon.core.webui.exception.WebElementNotFoundException: Web element with id: 'Object Repository/Login_page/Page_QuantumTrades/input_Please enter your password' located by '//*[@id = 'signInTextPassword']' not found
	at com.kms.katalon.core.webui.common.WebUiCommonHelper.findWebElement(WebUiCommonHelper.java:1457)
	at com.kms.katalon.core.webui.keyword.internal.WebUIAbstractKeyword.findWebElement(WebUIAbstractKeyword.groovy:27)
	at com.kms.katalon.core.webui.keyword.builtin.ClickKeyword$_click_closure1.doCall(ClickKeyword.groovy:66)
	at com.kms.katalon.core.webui.keyword.builtin.ClickKeyword$_click_closure1.call(ClickKeyword.groovy)
	at com.kms.katalon.core.webui.keyword.internal.WebUIKeywordMain.runKeyword(WebUIKeywordMain.groovy:35)
	... 20 more]]></system-err>
   </testsuite>
</testsuites>
