2025-05-16 20:48:39.107 INFO  c.k.katalon.core.main.TestSuiteExecutor  - START Test Suites/Phase 1
2025-05-16 20:48:39.153 INFO  c.k.katalon.core.main.TestSuiteExecutor  - userFullName = yash kabra
2025-05-16 20:48:39.154 INFO  c.k.katalon.core.main.TestSuiteExecutor  - projectName = Quantumtrades
2025-05-16 20:48:39.155 INFO  c.k.katalon.core.main.TestSuiteExecutor  - hostName = yashkabra - localhost
2025-05-16 20:48:39.155 INFO  c.k.katalon.core.main.TestSuiteExecutor  - os = Mac OS X 64bit
2025-05-16 20:48:39.156 INFO  c.k.katalon.core.main.TestSuiteExecutor  - hostAddress = 127.0.0.1
2025-05-16 20:48:39.157 INFO  c.k.katalon.core.main.TestSuiteExecutor  - katalonVersion = 10.2.0.0
2025-05-16 20:48:39.357 INFO  c.k.katalon.core.main.TestCaseExecutor   - --------------------
2025-05-16 20:48:39.358 INFO  c.k.katalon.core.main.TestCaseExecutor   - START Test Cases/Login_and_SignUp/Standard_Login_TC
2025-05-16 20:48:39.405 DEBUG testcase.Standard_Login_TC               - 1: openBrowser("")
2025-05-16 20:48:39.485 INFO  c.k.k.core.webui.driver.DriverFactory    - Starting 'Chrome' driver
2025-05-16 20:48:39.504 INFO  c.k.k.core.webui.driver.DriverFactory    - Action delay is set to 0 milliseconds
May 16, 2025 8:48:42 PM org.openqa.selenium.devtools.CdpVersionFinder findNearestMatch
WARNING: Unable to find CDP implementation matching 136
May 16, 2025 8:48:42 PM org.openqa.selenium.chromium.ChromiumDriver lambda$new$4
WARNING: Unable to find version of CDP to use for 136.0.7103.114. You may need to include a dependency on a specific version of the CDP using something similar to `org.seleniumhq.selenium:selenium-devtools-v86:4.28.1` where the version ("v86") matches the version of the chromium-based browser you're using and the version number of the artifact is the same as Selenium's.
2025-05-16 20:48:42.576 INFO  c.k.k.core.webui.driver.DriverFactory    - sessionId = 870eb5733a2b7f1f7f0be393b3ec29d4
2025-05-16 20:48:42.576 INFO  c.k.k.core.webui.driver.DriverFactory    - browser = Chrome 136.0.7103.114
2025-05-16 20:48:42.577 INFO  c.k.k.core.webui.driver.DriverFactory    - platform = Mac OS X
2025-05-16 20:48:42.577 INFO  c.k.k.core.webui.driver.DriverFactory    - seleniumVersion = 4.28.1
2025-05-16 20:48:42.580 INFO  c.k.k.core.webui.driver.DriverFactory    - proxyInformation = ProxyInformation { proxyOption=NO_PROXY, proxyServerType=HTTP, username=, password=********, proxyServerAddress=, proxyServerPort=0, executionList="", isApplyToDesiredCapabilities=true }
2025-05-16 20:48:42.602 DEBUG testcase.Standard_Login_TC               - 2: navigateToUrl("https://dev-portal.quantumtrades.com/")
2025-05-16 20:48:52.267 DEBUG testcase.Standard_Login_TC               - 3: click(findTestObject("Object Repository/Login_page/Page_QuantumTrades/input_Enter your email or phone number"))
2025-05-16 20:48:52.613 DEBUG testcase.Standard_Login_TC               - 4: sendKeys(findTestObject("Object Repository/Login_page/Page_QuantumTrades/input_Enter your email or phone number"), "yashkabra30@gmail.com")
2025-05-16 20:48:53.053 DEBUG testcase.Standard_Login_TC               - 5: delay(10)
2025-05-16 20:49:03.087 DEBUG testcase.Standard_Login_TC               - 6: click(findTestObject("Object Repository/Login_page/Page_QuantumTrades/button_signInBtnEmailContinue"))
2025-05-16 20:49:05.178 DEBUG testcase.Standard_Login_TC               - 7: click(findTestObject("Object Repository/Login_page/Page_QuantumTrades/input_Please enter your password"))
2025-05-16 20:49:36.200 INFO  c.k.k.c.webui.common.WebUiCommonHelper   - Unable to find the element located by 'By.xpath: //*[@id = 'signInTextPassword']'. Please recheck the objects properties to make sure the desired element is located. 
2025-05-16 20:49:36.555 ERROR c.k.k.core.keyword.internal.KeywordMain  - ❌ Unable to click on object 'Object Repository/Login_page/Page_QuantumTrades/input_Please enter your password' (Root cause: com.kms.katalon.core.exception.StepFailedException: Unable to click on object 'Object Repository/Login_page/Page_QuantumTrades/input_Please enter your password'
	at com.kms.katalon.core.webui.keyword.internal.WebUIKeywordMain.stepFailed(WebUIKeywordMain.groovy:117)
	at com.kms.katalon.core.webui.keyword.internal.WebUIKeywordMain.runKeyword(WebUIKeywordMain.groovy:43)
	at com.kms.katalon.core.webui.keyword.builtin.ClickKeyword.click(ClickKeyword.groovy:75)
	at com.kms.katalon.core.webui.keyword.builtin.ClickKeyword.execute(ClickKeyword.groovy:40)
	at com.kms.katalon.core.keyword.internal.KeywordExecutor.executeKeywordForPlatform(KeywordExecutor.groovy:74)
	at com.kms.katalon.core.webui.keyword.WebUiBuiltInKeywords.click(WebUiBuiltInKeywords.groovy:696)
	at Standard_Login_TC.run(Standard_Login_TC:34)
	at com.kms.katalon.core.main.ScriptEngine.run(ScriptEngine.java:194)
	at com.kms.katalon.core.main.ScriptEngine.runScriptAsRawText(ScriptEngine.java:119)
	at com.kms.katalon.core.main.TestCaseExecutor.runScript(TestCaseExecutor.java:486)
	at com.kms.katalon.core.main.TestCaseExecutor.doExecute(TestCaseExecutor.java:477)
	at com.kms.katalon.core.main.TestCaseExecutor.processExecutionPhase(TestCaseExecutor.java:456)
	at com.kms.katalon.core.main.TestCaseExecutor.accessMainPhase(TestCaseExecutor.java:448)
	at com.kms.katalon.core.main.TestCaseExecutor.execute(TestCaseExecutor.java:322)
	at com.kms.katalon.core.common.CommonExecutor.accessTestCaseMainPhase(CommonExecutor.java:71)
	at com.kms.katalon.core.main.TestSuiteExecutor.accessTestSuiteMainPhase(TestSuiteExecutor.java:160)
	at com.kms.katalon.core.main.TestSuiteExecutor.execute(TestSuiteExecutor.java:107)
	at com.kms.katalon.core.main.TestCaseMain.startTestSuite(TestCaseMain.java:186)
	at TempTestSuite1747408715579.run(TempTestSuite1747408715579.groovy:35)
	at java.base/jdk.internal.reflect.NativeMethodAccessorImpl.invoke0(Native Method)
	at java.base/jdk.internal.reflect.NativeMethodAccessorImpl.invoke(NativeMethodAccessorImpl.java:77)
	at java.base/jdk.internal.reflect.DelegatingMethodAccessorImpl.invoke(DelegatingMethodAccessorImpl.java:43)
Caused by: com.kms.katalon.core.webui.exception.WebElementNotFoundException: Web element with id: 'Object Repository/Login_page/Page_QuantumTrades/input_Please enter your password' located by '//*[@id = 'signInTextPassword']' not found
	at com.kms.katalon.core.webui.common.WebUiCommonHelper.findWebElement(WebUiCommonHelper.java:1457)
	at com.kms.katalon.core.webui.keyword.internal.WebUIAbstractKeyword.findWebElement(WebUIAbstractKeyword.groovy:27)
	at com.kms.katalon.core.webui.keyword.builtin.ClickKeyword$_click_closure1.doCall(ClickKeyword.groovy:66)
	at com.kms.katalon.core.webui.keyword.builtin.ClickKeyword$_click_closure1.call(ClickKeyword.groovy)
	at com.kms.katalon.core.webui.keyword.internal.WebUIKeywordMain.runKeyword(WebUIKeywordMain.groovy:35)
	at com.kms.katalon.core.webui.keyword.builtin.ClickKeyword.click(ClickKeyword.groovy:75)
	at com.kms.katalon.core.webui.keyword.builtin.ClickKeyword.execute(ClickKeyword.groovy:40)
	at com.kms.katalon.core.keyword.internal.KeywordExecutor.executeKeywordForPlatform(KeywordExecutor.groovy:74)
	at com.kms.katalon.core.webui.keyword.WebUiBuiltInKeywords.click(WebUiBuiltInKeywords.groovy:696)
	at Script1747286951341.run(Script1747286951341.groovy:34)
	... 15 more
)
2025-05-16 20:49:36.558 ERROR c.k.katalon.core.main.TestCaseExecutor   - ❌ Test Cases/Login_and_SignUp/Standard_Login_TC FAILED.
Reason:
com.kms.katalon.core.exception.StepFailedException: Unable to click on object 'Object Repository/Login_page/Page_QuantumTrades/input_Please enter your password'
	at com.kms.katalon.core.webui.keyword.internal.WebUIKeywordMain.stepFailed(WebUIKeywordMain.groovy:117)
	at com.kms.katalon.core.webui.keyword.internal.WebUIKeywordMain.runKeyword(WebUIKeywordMain.groovy:43)
	at com.kms.katalon.core.webui.keyword.builtin.ClickKeyword.click(ClickKeyword.groovy:75)
	at com.kms.katalon.core.webui.keyword.builtin.ClickKeyword.execute(ClickKeyword.groovy:40)
	at com.kms.katalon.core.keyword.internal.KeywordExecutor.executeKeywordForPlatform(KeywordExecutor.groovy:74)
	at com.kms.katalon.core.webui.keyword.WebUiBuiltInKeywords.click(WebUiBuiltInKeywords.groovy:696)
	at Standard_Login_TC.run(Standard_Login_TC:34)
	at com.kms.katalon.core.main.ScriptEngine.run(ScriptEngine.java:194)
	at com.kms.katalon.core.main.ScriptEngine.runScriptAsRawText(ScriptEngine.java:119)
	at com.kms.katalon.core.main.TestCaseExecutor.runScript(TestCaseExecutor.java:486)
	at com.kms.katalon.core.main.TestCaseExecutor.doExecute(TestCaseExecutor.java:477)
	at com.kms.katalon.core.main.TestCaseExecutor.processExecutionPhase(TestCaseExecutor.java:456)
	at com.kms.katalon.core.main.TestCaseExecutor.accessMainPhase(TestCaseExecutor.java:448)
	at com.kms.katalon.core.main.TestCaseExecutor.execute(TestCaseExecutor.java:322)
	at com.kms.katalon.core.common.CommonExecutor.accessTestCaseMainPhase(CommonExecutor.java:71)
	at com.kms.katalon.core.main.TestSuiteExecutor.accessTestSuiteMainPhase(TestSuiteExecutor.java:160)
	at com.kms.katalon.core.main.TestSuiteExecutor.execute(TestSuiteExecutor.java:107)
	at com.kms.katalon.core.main.TestCaseMain.startTestSuite(TestCaseMain.java:186)
	at TempTestSuite1747408715579.run(TempTestSuite1747408715579.groovy:35)
	at java.base/jdk.internal.reflect.NativeMethodAccessorImpl.invoke0(Native Method)
	at java.base/jdk.internal.reflect.NativeMethodAccessorImpl.invoke(NativeMethodAccessorImpl.java:77)
	at java.base/jdk.internal.reflect.DelegatingMethodAccessorImpl.invoke(DelegatingMethodAccessorImpl.java:43)
Caused by: com.kms.katalon.core.webui.exception.WebElementNotFoundException: Web element with id: 'Object Repository/Login_page/Page_QuantumTrades/input_Please enter your password' located by '//*[@id = 'signInTextPassword']' not found
	at com.kms.katalon.core.webui.common.WebUiCommonHelper.findWebElement(WebUiCommonHelper.java:1457)
	at com.kms.katalon.core.webui.keyword.internal.WebUIAbstractKeyword.findWebElement(WebUIAbstractKeyword.groovy:27)
	at com.kms.katalon.core.webui.keyword.builtin.ClickKeyword$_click_closure1.doCall(ClickKeyword.groovy:66)
	at com.kms.katalon.core.webui.keyword.builtin.ClickKeyword$_click_closure1.call(ClickKeyword.groovy)
	at com.kms.katalon.core.webui.keyword.internal.WebUIKeywordMain.runKeyword(WebUIKeywordMain.groovy:35)
	... 20 more

2025-05-16 20:49:36.692 INFO  c.k.katalon.core.main.TestCaseExecutor   - END Test Cases/Login_and_SignUp/Standard_Login_TC
2025-05-16 20:49:36.696 INFO  c.k.katalon.core.main.TestCaseExecutor   - --------------------
2025-05-16 20:49:36.696 INFO  c.k.katalon.core.main.TestCaseExecutor   - START Test Cases/Login_and_SignUp/Login_With_Valid_Email_Invalid_PWD_TC
2025-05-16 20:49:36.721 DEBUG t.Login_With_Valid_Email_Invalid_PWD_TC  - 1: openBrowser("")
2025-05-16 20:49:36.724 INFO  c.k.k.core.webui.driver.DriverFactory    - Starting 'Chrome' driver
2025-05-16 20:49:36.725 INFO  c.k.k.core.webui.driver.DriverFactory    - Action delay is set to 0 milliseconds
May 16, 2025 8:49:38 PM org.openqa.selenium.devtools.CdpVersionFinder findNearestMatch
WARNING: Unable to find CDP implementation matching 136
May 16, 2025 8:49:38 PM org.openqa.selenium.chromium.ChromiumDriver lambda$new$4
WARNING: Unable to find version of CDP to use for 136.0.7103.114. You may need to include a dependency on a specific version of the CDP using something similar to `org.seleniumhq.selenium:selenium-devtools-v86:4.28.1` where the version ("v86") matches the version of the chromium-based browser you're using and the version number of the artifact is the same as Selenium's.
2025-05-16 20:49:38.376 INFO  c.k.k.core.webui.driver.DriverFactory    - sessionId = f93e6aa832e572ea6793b4cfbdd18c3f
2025-05-16 20:49:38.378 INFO  c.k.k.core.webui.driver.DriverFactory    - browser = Chrome 136.0.7103.114
2025-05-16 20:49:38.379 INFO  c.k.k.core.webui.driver.DriverFactory    - platform = Mac OS X
2025-05-16 20:49:38.380 INFO  c.k.k.core.webui.driver.DriverFactory    - seleniumVersion = 4.28.1
2025-05-16 20:49:38.382 INFO  c.k.k.core.webui.driver.DriverFactory    - proxyInformation = ProxyInformation { proxyOption=NO_PROXY, proxyServerType=HTTP, username=, password=********, proxyServerAddress=, proxyServerPort=0, executionList="", isApplyToDesiredCapabilities=true }
2025-05-16 20:49:38.400 DEBUG t.Login_With_Valid_Email_Invalid_PWD_TC  - 2: navigateToUrl("https://dev-portal.quantumtrades.com/")
2025-05-16 20:49:39.627 DEBUG t.Login_With_Valid_Email_Invalid_PWD_TC  - 3: setText(findTestObject("Object Repository/Login_page/Page_QuantumTrades/input_Enter your email or phone number"), "yashkabra30@gmail.com")
2025-05-16 20:49:48.526 DEBUG t.Login_With_Valid_Email_Invalid_PWD_TC  - 4: click(findTestObject("Object Repository/Login_page/Page_QuantumTrades/button_signInBtnEmailContinue"))
2025-05-16 20:49:49.459 DEBUG t.Login_With_Valid_Email_Invalid_PWD_TC  - 5: click(findTestObject("Object Repository/Login_page/Page_QuantumTrades/button_signInBtnEmailContinue"))
2025-05-16 20:49:53.416 DEBUG t.Login_With_Valid_Email_Invalid_PWD_TC  - 6: click(findTestObject("Object Repository/Login_page/Page_QuantumTrades/button_signInBtnEmailContinue"))
2025-05-16 20:49:58.819 DEBUG t.Login_With_Valid_Email_Invalid_PWD_TC  - 7: click(findTestObject("Object Repository/Login_page/Page_QuantumTrades/input_Please enter your password"))
2025-05-16 20:50:29.929 INFO  c.k.k.c.webui.common.WebUiCommonHelper   - Unable to find the element located by 'By.xpath: //*[@id = 'signInTextPassword']'. Please recheck the objects properties to make sure the desired element is located. 
2025-05-16 20:50:30.422 ERROR c.k.k.core.keyword.internal.KeywordMain  - ❌ Unable to click on object 'Object Repository/Login_page/Page_QuantumTrades/input_Please enter your password' (Root cause: com.kms.katalon.core.exception.StepFailedException: Unable to click on object 'Object Repository/Login_page/Page_QuantumTrades/input_Please enter your password'
	at com.kms.katalon.core.webui.keyword.internal.WebUIKeywordMain.stepFailed(WebUIKeywordMain.groovy:117)
	at com.kms.katalon.core.webui.keyword.internal.WebUIKeywordMain.runKeyword(WebUIKeywordMain.groovy:43)
	at com.kms.katalon.core.webui.keyword.builtin.ClickKeyword.click(ClickKeyword.groovy:75)
	at com.kms.katalon.core.webui.keyword.builtin.ClickKeyword.execute(ClickKeyword.groovy:40)
	at com.kms.katalon.core.keyword.internal.KeywordExecutor.executeKeywordForPlatform(KeywordExecutor.groovy:74)
	at com.kms.katalon.core.webui.keyword.WebUiBuiltInKeywords.click(WebUiBuiltInKeywords.groovy:696)
	at Login_With_Valid_Email_Invalid_PWD_TC.run(Login_With_Valid_Email_Invalid_PWD_TC:33)
	at com.kms.katalon.core.main.ScriptEngine.run(ScriptEngine.java:194)
	at com.kms.katalon.core.main.ScriptEngine.runScriptAsRawText(ScriptEngine.java:119)
	at com.kms.katalon.core.main.TestCaseExecutor.runScript(TestCaseExecutor.java:486)
	at com.kms.katalon.core.main.TestCaseExecutor.doExecute(TestCaseExecutor.java:477)
	at com.kms.katalon.core.main.TestCaseExecutor.processExecutionPhase(TestCaseExecutor.java:456)
	at com.kms.katalon.core.main.TestCaseExecutor.accessMainPhase(TestCaseExecutor.java:448)
	at com.kms.katalon.core.main.TestCaseExecutor.execute(TestCaseExecutor.java:322)
	at com.kms.katalon.core.common.CommonExecutor.accessTestCaseMainPhase(CommonExecutor.java:71)
	at com.kms.katalon.core.main.TestSuiteExecutor.accessTestSuiteMainPhase(TestSuiteExecutor.java:160)
	at com.kms.katalon.core.main.TestSuiteExecutor.execute(TestSuiteExecutor.java:107)
	at com.kms.katalon.core.main.TestCaseMain.startTestSuite(TestCaseMain.java:186)
	at TempTestSuite1747408715579.run(TempTestSuite1747408715579.groovy:35)
	at java.base/jdk.internal.reflect.NativeMethodAccessorImpl.invoke0(Native Method)
	at java.base/jdk.internal.reflect.NativeMethodAccessorImpl.invoke(NativeMethodAccessorImpl.java:77)
	at java.base/jdk.internal.reflect.DelegatingMethodAccessorImpl.invoke(DelegatingMethodAccessorImpl.java:43)
Caused by: com.kms.katalon.core.webui.exception.WebElementNotFoundException: Web element with id: 'Object Repository/Login_page/Page_QuantumTrades/input_Please enter your password' located by '//*[@id = 'signInTextPassword']' not found
	at com.kms.katalon.core.webui.common.WebUiCommonHelper.findWebElement(WebUiCommonHelper.java:1457)
	at com.kms.katalon.core.webui.keyword.internal.WebUIAbstractKeyword.findWebElement(WebUIAbstractKeyword.groovy:27)
	at com.kms.katalon.core.webui.keyword.builtin.ClickKeyword$_click_closure1.doCall(ClickKeyword.groovy:66)
	at com.kms.katalon.core.webui.keyword.builtin.ClickKeyword$_click_closure1.call(ClickKeyword.groovy)
	at com.kms.katalon.core.webui.keyword.internal.WebUIKeywordMain.runKeyword(WebUIKeywordMain.groovy:35)
	at com.kms.katalon.core.webui.keyword.builtin.ClickKeyword.click(ClickKeyword.groovy:75)
	at com.kms.katalon.core.webui.keyword.builtin.ClickKeyword.execute(ClickKeyword.groovy:40)
	at com.kms.katalon.core.keyword.internal.KeywordExecutor.executeKeywordForPlatform(KeywordExecutor.groovy:74)
	at com.kms.katalon.core.webui.keyword.WebUiBuiltInKeywords.click(WebUiBuiltInKeywords.groovy:696)
	at Script1747398947402.run(Script1747398947402.groovy:33)
	... 15 more
)
2025-05-16 20:50:30.426 ERROR c.k.katalon.core.main.TestCaseExecutor   - ❌ Test Cases/Login_and_SignUp/Login_With_Valid_Email_Invalid_PWD_TC FAILED.
Reason:
com.kms.katalon.core.exception.StepFailedException: Unable to click on object 'Object Repository/Login_page/Page_QuantumTrades/input_Please enter your password'
	at com.kms.katalon.core.webui.keyword.internal.WebUIKeywordMain.stepFailed(WebUIKeywordMain.groovy:117)
	at com.kms.katalon.core.webui.keyword.internal.WebUIKeywordMain.runKeyword(WebUIKeywordMain.groovy:43)
	at com.kms.katalon.core.webui.keyword.builtin.ClickKeyword.click(ClickKeyword.groovy:75)
	at com.kms.katalon.core.webui.keyword.builtin.ClickKeyword.execute(ClickKeyword.groovy:40)
	at com.kms.katalon.core.keyword.internal.KeywordExecutor.executeKeywordForPlatform(KeywordExecutor.groovy:74)
	at com.kms.katalon.core.webui.keyword.WebUiBuiltInKeywords.click(WebUiBuiltInKeywords.groovy:696)
	at Login_With_Valid_Email_Invalid_PWD_TC.run(Login_With_Valid_Email_Invalid_PWD_TC:33)
	at com.kms.katalon.core.main.ScriptEngine.run(ScriptEngine.java:194)
	at com.kms.katalon.core.main.ScriptEngine.runScriptAsRawText(ScriptEngine.java:119)
	at com.kms.katalon.core.main.TestCaseExecutor.runScript(TestCaseExecutor.java:486)
	at com.kms.katalon.core.main.TestCaseExecutor.doExecute(TestCaseExecutor.java:477)
	at com.kms.katalon.core.main.TestCaseExecutor.processExecutionPhase(TestCaseExecutor.java:456)
	at com.kms.katalon.core.main.TestCaseExecutor.accessMainPhase(TestCaseExecutor.java:448)
	at com.kms.katalon.core.main.TestCaseExecutor.execute(TestCaseExecutor.java:322)
	at com.kms.katalon.core.common.CommonExecutor.accessTestCaseMainPhase(CommonExecutor.java:71)
	at com.kms.katalon.core.main.TestSuiteExecutor.accessTestSuiteMainPhase(TestSuiteExecutor.java:160)
	at com.kms.katalon.core.main.TestSuiteExecutor.execute(TestSuiteExecutor.java:107)
	at com.kms.katalon.core.main.TestCaseMain.startTestSuite(TestCaseMain.java:186)
	at TempTestSuite1747408715579.run(TempTestSuite1747408715579.groovy:35)
	at java.base/jdk.internal.reflect.NativeMethodAccessorImpl.invoke0(Native Method)
	at java.base/jdk.internal.reflect.NativeMethodAccessorImpl.invoke(NativeMethodAccessorImpl.java:77)
	at java.base/jdk.internal.reflect.DelegatingMethodAccessorImpl.invoke(DelegatingMethodAccessorImpl.java:43)
Caused by: com.kms.katalon.core.webui.exception.WebElementNotFoundException: Web element with id: 'Object Repository/Login_page/Page_QuantumTrades/input_Please enter your password' located by '//*[@id = 'signInTextPassword']' not found
	at com.kms.katalon.core.webui.common.WebUiCommonHelper.findWebElement(WebUiCommonHelper.java:1457)
	at com.kms.katalon.core.webui.keyword.internal.WebUIAbstractKeyword.findWebElement(WebUIAbstractKeyword.groovy:27)
	at com.kms.katalon.core.webui.keyword.builtin.ClickKeyword$_click_closure1.doCall(ClickKeyword.groovy:66)
	at com.kms.katalon.core.webui.keyword.builtin.ClickKeyword$_click_closure1.call(ClickKeyword.groovy)
	at com.kms.katalon.core.webui.keyword.internal.WebUIKeywordMain.runKeyword(WebUIKeywordMain.groovy:35)
	... 20 more

2025-05-16 20:50:30.566 INFO  c.k.katalon.core.main.TestCaseExecutor   - END Test Cases/Login_and_SignUp/Login_With_Valid_Email_Invalid_PWD_TC
2025-05-16 20:50:30.572 INFO  c.k.katalon.core.main.TestCaseExecutor   - --------------------
2025-05-16 20:50:30.572 INFO  c.k.katalon.core.main.TestCaseExecutor   - START Test Cases/Login_and_SignUp/Login_With_Invalid_Email_TC
2025-05-16 20:50:30.630 DEBUG testcase.Login_With_Invalid_Email_TC     - 1: openBrowser("")
2025-05-16 20:50:30.633 INFO  c.k.k.core.webui.driver.DriverFactory    - Starting 'Chrome' driver
2025-05-16 20:50:30.635 INFO  c.k.k.core.webui.driver.DriverFactory    - Action delay is set to 0 milliseconds
May 16, 2025 8:50:32 PM org.openqa.selenium.devtools.CdpVersionFinder findNearestMatch
WARNING: Unable to find CDP implementation matching 136
May 16, 2025 8:50:32 PM org.openqa.selenium.chromium.ChromiumDriver lambda$new$4
WARNING: Unable to find version of CDP to use for 136.0.7103.114. You may need to include a dependency on a specific version of the CDP using something similar to `org.seleniumhq.selenium:selenium-devtools-v86:4.28.1` where the version ("v86") matches the version of the chromium-based browser you're using and the version number of the artifact is the same as Selenium's.
2025-05-16 20:50:32.509 INFO  c.k.k.core.webui.driver.DriverFactory    - sessionId = 2df22752b0a18edfa046bc4052443a9d
2025-05-16 20:50:32.511 INFO  c.k.k.core.webui.driver.DriverFactory    - browser = Chrome 136.0.7103.114
2025-05-16 20:50:32.511 INFO  c.k.k.core.webui.driver.DriverFactory    - platform = Mac OS X
2025-05-16 20:50:32.511 INFO  c.k.k.core.webui.driver.DriverFactory    - seleniumVersion = 4.28.1
2025-05-16 20:50:32.511 INFO  c.k.k.core.webui.driver.DriverFactory    - proxyInformation = ProxyInformation { proxyOption=NO_PROXY, proxyServerType=HTTP, username=, password=********, proxyServerAddress=, proxyServerPort=0, executionList="", isApplyToDesiredCapabilities=true }
2025-05-16 20:50:32.529 DEBUG testcase.Login_With_Invalid_Email_TC     - 2: navigateToUrl("https://dev-portal.quantumtrades.com/")
2025-05-16 20:50:40.678 DEBUG testcase.Login_With_Invalid_Email_TC     - 3: setText(findTestObject("Object Repository/Login_page/Page_QuantumTrades/input_Enter your email or phone number"), "test@test.com")
2025-05-16 20:50:41.466 DEBUG testcase.Login_With_Invalid_Email_TC     - 4: click(findTestObject("Object Repository/Login_page/Page_QuantumTrades/button_signInBtnEmailContinue"))
2025-05-16 20:50:42.008 DEBUG testcase.Login_With_Invalid_Email_TC     - 5: click(findTestObject("Object Repository/Login_page/Page_QuantumTrades/p_User doesnt exist for the entered email"))
2025-05-16 20:50:46.049 DEBUG testcase.Login_With_Invalid_Email_TC     - 6: closeBrowser()
2025-05-16 20:50:46.183 INFO  c.k.katalon.core.main.TestCaseExecutor   - END Test Cases/Login_and_SignUp/Login_With_Invalid_Email_TC
2025-05-16 20:50:46.216 ERROR c.k.k.core.context.internal.TestHooker   - ❌ org.codehaus.groovy.runtime.InvokerInvocationException: groovy.lang.MissingMethodException: No signature of method: com.kms.katalon.core.context.internal.InternalTestSuiteContext.getTestCaseContexts() is applicable for argument types: () values: []
	at com.kms.katalon.core.context.internal.TestHooker.invokeMethod(TestHooker.java:111)
	at com.kms.katalon.core.context.internal.TestHooker.lambda$3(TestHooker.java:95)
	at com.kms.katalon.core.context.internal.TestHooker.invokeContextMethods(TestHooker.java:94)
	at com.kms.katalon.core.context.internal.TestListenerCollector.lambda$3(TestListenerCollector.java:88)
	at com.kms.katalon.core.context.internal.TestListenerCollector.handleListenerEvent(TestListenerCollector.java:85)
	at com.kms.katalon.core.context.internal.ExecutionEventManager.publicEvent(ExecutionEventManager.java:36)
	at com.kms.katalon.core.main.TestSuiteExecutor.executeListenerAfterTestSuite(TestSuiteExecutor.java:133)
	at com.kms.katalon.core.main.TestSuiteExecutor.execute(TestSuiteExecutor.java:111)
	at com.kms.katalon.core.main.TestCaseMain.startTestSuite(TestCaseMain.java:186)
	at TempTestSuite1747408715579.run(TempTestSuite1747408715579.groovy:35)
	at java.base/jdk.internal.reflect.NativeMethodAccessorImpl.invoke0(Native Method)
	at java.base/jdk.internal.reflect.NativeMethodAccessorImpl.invoke(NativeMethodAccessorImpl.java:77)
	at java.base/jdk.internal.reflect.DelegatingMethodAccessorImpl.invoke(DelegatingMethodAccessorImpl.java:43)
Caused by: groovy.lang.MissingMethodException: No signature of method: com.kms.katalon.core.context.internal.InternalTestSuiteContext.getTestCaseContexts() is applicable for argument types: () values: []
	at TestListener.afterTestSuite(TestListener.groovy:42)
	at java.base/jdk.internal.reflect.NativeMethodAccessorImpl.invoke0(Native Method)
	at java.base/jdk.internal.reflect.NativeMethodAccessorImpl.invoke(NativeMethodAccessorImpl.java:77)
	at java.base/jdk.internal.reflect.DelegatingMethodAccessorImpl.invoke(DelegatingMethodAccessorImpl.java:43)
	... 13 more

2025-05-16 20:50:46.239 INFO  c.k.katalon.core.main.TestSuiteExecutor  - --------------------
2025-05-16 20:50:46.239 INFO  c.k.katalon.core.main.TestSuiteExecutor  - END Test Suites/Phase 1
2025-05-16 20:50:46.239 INFO  c.k.katalon.core.main.TestSuiteExecutor  - ====================
